<?xml version="1.0" encoding="UTF-8"?>
<testng-results skipped="0" failed="0" total="2" passed="2">
  <reporter-output>
  </reporter-output>
  <suite name="Default suite" duration-ms="223038" started-at="2016-09-22T21:33:31Z" finished-at="2016-09-22T21:37:14Z">
    <groups>
    </groups>
    <test name="Default test" duration-ms="223038" started-at="2016-09-22T21:33:31Z" finished-at="2016-09-22T21:37:14Z">
      <class name="Test.CheckInterReginalReport">
        <test-method status="PASS" signature="SetUp(java.lang.String)[pri:0, instance:Test.CheckInterReginalReport@4667ae56]" name="SetUp" is-config="true" duration-ms="5172" started-at="2016-09-22T21:33:31Z" finished-at="2016-09-22T21:33:36Z">
          <params>
            <param index="0">
              <value>
                <![CDATA[chrome]]>
              </value>
            </param>
          </params>
          <reporter-output>
          </reporter-output>
        </test-method> <!-- SetUp -->
        <test-method status="PASS" signature="InterRegionalAtLddTrailerReport(java.lang.reflect.Method)[pri:1, instance:Test.CheckInterReginalReport@4667ae56]" name="InterRegionalAtLddTrailerReport" duration-ms="129221" started-at="2016-09-22T21:33:36Z" finished-at="2016-09-22T21:35:45Z">
          <params>
            <param index="0">
              <value>
                <![CDATA[public void Test.CheckInterReginalReport.InterRegionalAtLddTrailerReport(java.lang.reflect.Method) throws java.lang.ClassNotFoundException,java.sql.SQLException]]>
              </value>
            </param>
          </params>
          <reporter-output>
          </reporter-output>
        </test-method> <!-- InterRegionalAtLddTrailerReport -->
        <test-method status="PASS" signature="InterRegionalAtArrTrailerReport(java.lang.reflect.Method)[pri:2, instance:Test.CheckInterReginalReport@4667ae56]" name="InterRegionalAtArrTrailerReport" duration-ms="88619" started-at="2016-09-22T21:35:45Z" finished-at="2016-09-22T21:37:14Z">
          <params>
            <param index="0">
              <value>
                <![CDATA[public void Test.CheckInterReginalReport.InterRegionalAtArrTrailerReport(java.lang.reflect.Method) throws java.lang.ClassNotFoundException,java.sql.SQLException]]>
              </value>
            </param>
          </params>
          <reporter-output>
          </reporter-output>
        </test-method> <!-- InterRegionalAtArrTrailerReport -->
      </class> <!-- Test.CheckInterReginalReport -->
    </test> <!-- Default test -->
  </suite> <!-- Default suite -->
</testng-results>
