<?xml version="1.0" encoding="UTF-8"?>
<!-- Generated by org.testng.reporters.JUnitXMLReporter -->
<testsuite hostname="N700278" name="Test" tests="1" failures="1" timestamp="15 Sep 2016 15:21:12 GMT" time="156.858" errors="0">
  <testcase name="example2" time="153.116" classname="Test.T1">
    <failure type="java.lang.AssertionError" message="The following asserts failed:
	 Destination is wrong for trailer RDWY-122041   expected [09-15-16 05:48 EDT] but found [09-15-16 10:35 EDT],
	 Destination is wrong for trailer RDWY-133060   expected [09-15-16 09:16 EDT] but found [09-15-16 10:59 EDT],
	 Destination is wrong for trailer RDWY-559674   expected [09-15-16 06:42 EDT] but found [09-15-16 18:42 EDT],
	 Destination is wrong for trailer RDWY-430517   expected [09-15-16 08:48 EDT] but found [09-15-16 20:48 EDT],
	 Destination is wrong for trailer RDWY-132930   expected [09-15-16 07:17 EDT] but found [09-15-16 10:56 EDT],
	 Destination is wrong for trailer RDWY-288033   expected [09-15-16 03:45 EDT] but found [09-15-16 10:57 EDT],
	 Destination is wrong for trailer RDWY-127262   expected [09-14-16 22:39 EDT] but found [09-15-16 10:49 EDT],
	 Destination is wrong for trailer RDWY-290177   expected [09-14-16 20:43 EDT] but found [09-15-16 10:45 EDT],
	 Destination is wrong for trailer RDWY-129932   expected [09-15-16 03:38 EDT] but found [09-15-16 10:49 EDT],
	 Destination is wrong for trailer RDWY-126049   expected [09-14-16 22:20 EDT] but found [09-15-16 10:38 EDT],
	 Destination is wrong for trailer RDWY-530431   expected [09-15-16 08:48 EDT] but found [09-15-16 20:48 EDT],
	 Destination is wrong for trailer EMHU-243807   expected [09-15-16 04:24 EDT] but found [09-15-16 16:24 EDT],
	 Destination is wrong for trailer RDWY-118514   expected [09-15-16 02:56 EDT] but found [09-15-16 10:52 EDT],
	 Destination is wrong for trailer RDWY-117112   expected [09-15-16 04:29 EDT] but found [09-15-16 10:34 EDT],
	 Destination is wrong for trailer RDWY-135417   expected [09-15-16 00:13 CDT] but found [09-14-16 22:13 CDT],
	 Destination is wrong for trailer RDWY-117823   expected [09-15-16 05:49 CDT] but found [09-15-16 03:49 CDT],
	 Destination is wrong for trailer RDWY-280097   expected [09-15-16 03:03 CDT] but found [09-15-16 01:03 CDT],
	 Destination is wrong for trailer RDWY-127049   expected [09-14-16 22:33 CDT] but found [09-14-16 20:33 CDT],
	 Destination is wrong for trailer RDWY-45541   expected [09-14-16 23:12 CDT] but found [09-15-16 09:53 CDT],
	 Destination is wrong for trailer EMHU-250201   expected [09-15-16 10:25 CDT] but found [09-15-16 20:25 CDT],
	 Destination is wrong for trailer RDWY-251365   expected [09-15-16 07:57 CDT] but found [09-15-16 17:57 CDT],
	 Destination is wrong for trailer RDWY-133274   expected [09-15-16 11:10 CDT] but found [09-15-16 09:10 CDT],
	 Destination is wrong for trailer RDWY-118990   expected [09-15-16 08:45 CDT] but found [09-15-16 06:45 CDT],
	 Destination is wrong for trailer RDWY-134411   expected [09-15-16 10:19 CDT] but found [09-15-16 08:19 CDT],
	 Destination is wrong for trailer RDWY-126228   expected [09-15-16 10:21 CDT] but found [09-15-16 08:21 CDT],
	 Destination is wrong for trailer RDWY-130729   expected [09-14-16 23:25 CDT] but found [09-14-16 21:25 CDT],
	 Destination is wrong for trailer RDWY-117243   expected [09-15-16 09:12 CDT] but found [09-15-16 07:12 CDT],
	 Destination is wrong for trailer RDWY-121564   expected [09-15-16 09:59 CDT] but found [09-15-16 07:59 CDT],
	 Destination is wrong for trailer RDWY-202277   expected [09-15-16 11:15 CDT] but found [09-15-16 09:15 CDT],
	 Destination is wrong for trailer RDWY-132453   expected [09-15-16 05:38 CDT] but found [09-15-16 09:45 CDT],
	 Destination is wrong for trailer REIM-147734   expected [09-15-16 11:07 CDT] but found [09-15-16 21:07 CDT],
	 Destination is wrong for trailer RDWY-135458   expected [09-15-16 10:06 CDT] but found [09-15-16 08:06 CDT],
	 Destination is wrong for trailer RDWY-121711   expected [09-15-16 11:28 CDT] but found [09-15-16 09:28 CDT],
	 Destination is wrong for trailer RDWY-121428   expected [09-15-16 11:16 CDT] but found [09-15-16 09:16 CDT],
	 Destination is wrong for trailer RDWY-249217   expected [09-15-16 09:41 CDT] but found [09-15-16 07:41 CDT],
	 Destination is wrong for trailer RDWY-116771   expected [09-15-16 09:02 CDT] but found [09-15-16 07:02 CDT],
	 Destination is wrong for trailer RDWY-130848   expected [09-15-16 06:37 CDT] but found [09-15-16 04:37 CDT],
	 Destination is wrong for trailer RDWY-125478   expected [09-15-16 01:22 CDT] but found [09-14-16 23:22 CDT],
	 Destination is wrong for trailer RDWY-132358   expected [09-15-16 10:50 CDT] but found [09-15-16 08:50 CDT],
	 Destination is wrong for trailer RDWY-291177   expected [09-15-16 02:16 CDT] but found [09-15-16 00:16 CDT],
	 Destination is wrong for trailer RDWY-131442   expected [09-15-16 11:28 CDT] but found [09-15-16 09:28 CDT],
	 Destination is wrong for trailer RDWY-202480   expected [09-15-16 08:48 CDT] but found [09-15-16 06:48 CDT],
	 Destination is wrong for trailer RDWY-126781   expected [09-14-16 18:42 CDT] but found [09-15-16 09:48 CDT],
	 Destination is wrong for trailer RDWY-202740   expected [09-15-16 10:50 CDT] but found [09-15-16 08:50 CDT],
	 Destination is wrong for trailer RDWY-276735   expected [09-15-16 05:47 CDT] but found [09-15-16 03:47 CDT],
	 Destination is wrong for trailer RDWY-134582   expected [09-15-16 01:01 CDT] but found [09-14-16 23:01 CDT],
	 Destination is wrong for trailer RDWY-290001   expected [09-15-16 09:29 CDT] but found [09-15-16 07:29 CDT],
	 Destination is wrong for trailer RDWY-131282   expected [09-15-16 05:15 CDT] but found [09-15-16 03:15 CDT],
	 Destination is wrong for trailer ENGC-24361   expected [09-14-16 18:45 CDT] but found [09-15-16 04:45 CDT],
	 Destination is wrong for trailer RDWY-202184   expected [09-15-16 11:06 CDT] but found [09-15-16 09:06 CDT],
	 Destination is wrong for trailer RDWY-128478   expected [09-15-16 07:00 CDT] but found [09-15-16 05:00 CDT],
	 Destination is wrong for trailer RDWY-129543   expected [09-15-16 08:52 CDT] but found [09-15-16 06:52 CDT],
	 Destination is wrong for trailer RDWY-135521   expected [09-15-16 01:03 CDT] but found [09-14-16 23:03 CDT],
	 Destination is wrong for trailer RDWY-560634   expected [09-15-16 09:33 CDT] but found [09-15-16 19:33 CDT],
	 Destination is wrong for trailer RDWY-126647   expected [09-14-16 23:05 CDT] but found [09-15-16 09:45 CDT],
	 Destination is wrong for trailer RDWY-133330   expected [09-15-16 09:08 CDT] but found [09-15-16 07:08 CDT],
	 Destination is wrong for trailer RDWY-131285   expected [09-15-16 05:41 CDT] but found [09-15-16 03:41 CDT],
	 Destination is wrong for trailer RDWY-211743   expected [09-15-16 05:17 CDT] but found [09-15-16 03:17 CDT],
	 Destination is wrong for trailer RDWY-132254   expected [09-15-16 09:06 CDT] but found [09-15-16 07:06 CDT],
	 Destination is wrong for trailer RDWY-290659   expected [09-15-16 11:14 CDT] but found [09-15-16 09:14 CDT],
	 Destination is wrong for trailer RDWY-130782   expected [09-15-16 08:32 CDT] but found [09-15-16 06:32 CDT],
	 Destination is wrong for trailer RDWY-129919   expected [09-14-16 16:31 CDT] but found [09-15-16 09:44 CDT],
	 Destination is wrong for trailer RDWY-277842   expected [09-15-16 03:38 CDT] but found [09-15-16 01:38 CDT],
	 Destination is wrong for trailer RDWY-118280   expected [09-15-16 03:09 CDT] but found [09-15-16 01:09 CDT],
	 Destination is wrong for trailer RDWY-211624   expected [09-15-16 10:14 CDT] but found [09-15-16 08:14 CDT],
	 Destination is wrong for trailer RDWY-133401   expected [09-15-16 02:01 CDT] but found [09-15-16 00:01 CDT],
	 Destination is wrong for trailer RDWY-290134   expected [09-15-16 02:01 CDT] but found [09-15-16 00:01 CDT],
	 Destination is wrong for trailer RDWY-131801   expected [09-15-16 04:04 CDT] but found [09-15-16 02:04 CDT],
	 Destination is wrong for trailer RDWY-904347   expected [09-15-16 11:06 CDT] but found [09-15-16 21:06 CDT],
	 Destination is wrong for trailer RDWY-278899   expected [09-15-16 03:44 CDT] but found [09-15-16 01:44 CDT],
	 Destination is wrong for trailer RDWY-251252   expected [09-14-16 21:46 CDT] but found [09-15-16 07:46 CDT],
	 Destination is wrong for trailer RDWY-127477   expected [09-15-16 01:04 CDT] but found [09-14-16 23:04 CDT],
	 Destination is wrong for trailer RDWY-202168   expected [09-15-16 08:35 CDT] but found [09-15-16 06:35 CDT],
	 Destination is wrong for trailer RDWY-560067   expected [09-14-16 23:37 CDT] but found [09-15-16 09:37 CDT],
	 Destination is wrong for trailer RDWY-117315   expected [09-15-16 06:39 CDT] but found [09-15-16 04:39 CDT],
	 Destination is wrong for trailer RDWY-290873   expected [09-15-16 10:30 CDT] but found [09-15-16 08:30 CDT],
	 Destination is wrong for trailer RDWY-126051   expected [09-15-16 04:19 CDT] but found [09-15-16 02:19 CDT],
	 Destination is wrong for trailer RDWY-127078   expected [09-15-16 04:10 CDT] but found [09-15-16 02:10 CDT],
	 Destination is wrong for trailer RDWY-202213   expected [09-15-16 02:43 CDT] but found [09-15-16 00:43 CDT],
	 Destination is wrong for trailer RDWY-129858   expected [09-14-16 23:00 CDT] but found [09-14-16 21:00 CDT],
	 Destination is wrong for trailer RDWY-211170   expected [09-14-16 23:01 CDT] but found [09-14-16 21:01 CDT],
	 Destination is wrong for trailer RDWY-126093   expected [09-15-16 01:28 CDT] but found [09-14-16 23:28 CDT],
	 Destination is wrong for trailer RDWY-134051   expected [09-15-16 03:47 CDT] but found [09-15-16 01:47 CDT],
	 Destination is wrong for trailer RDWY-211051   expected [09-15-16 01:28 CDT] but found [09-14-16 23:28 CDT],
	 Destination is wrong for trailer RDWY-558658   expected [09-15-16 08:26 EDT] but found [09-15-16 20:26 EDT],
	 Destination is wrong for trailer RDWY-133896   expected [09-15-16 11:18 CDT] but found [09-15-16 09:18 CDT],
	 Destination is wrong for trailer RDWY-251439   expected [09-15-16 11:12 CDT] but found [09-15-16 21:12 CDT],
	 Destination is wrong for trailer RDWY-134551   expected [09-15-16 04:33 CDT] but found [09-15-16 02:33 CDT],
	 Destination is wrong for trailer RDWY-128061   expected [09-15-16 08:07 CDT] but found [09-15-16 06:07 CDT],
	 Destination is wrong for trailer RDWY-531042   expected [09-15-16 07:42 CDT] but found [09-15-16 17:42 CDT],
	 Destination is wrong for trailer RDWY-124611   expected [09-15-16 11:27 CDT] but found [09-15-16 09:27 CDT],
	 Destination is wrong for trailer RDWY-430950   expected [09-15-16 06:24 CDT] but found [09-15-16 16:24 CDT],
	 Destination is wrong for trailer RDWY-430806   expected [09-14-16 21:11 CDT] but found [09-15-16 21:33 CDT],
	 Destination is wrong for trailer RDWY-128733   expected [09-15-16 09:21 CDT] but found [09-15-16 09:48 CDT],
	 Destination is wrong for trailer RDWY-252129   expected [09-15-16 08:00 CDT] but found [09-15-16 18:00 CDT],
	 Destination is wrong for trailer RDWY-281341   expected [09-15-16 02:21 CDT] but found [09-15-16 00:21 CDT],
	 Destination is wrong for trailer RDWY-127517   expected [09-15-16 10:15 CDT] but found [09-15-16 08:15 CDT],
	 Destination is wrong for trailer RDWY-261390   expected [09-15-16 07:45 CDT] but found [09-15-16 05:45 CDT],
	 Destination is wrong for trailer WENP-44477   expected [09-15-16 00:58 CDT] but found [09-15-16 10:58 CDT],
	 Destination is wrong for trailer ENGC-18243   expected [09-15-16 11:00 CDT] but found [09-15-16 21:00 CDT],
	 Destination is wrong for trailer RDWY-116980   expected [09-14-16 08:52 CDT] but found [09-14-16 06:52 CDT],
	 Destination is wrong for trailer RDWY-135216   expected [09-15-16 09:07 CDT] but found [09-15-16 07:07 CDT],
	 Destination is wrong for trailer RDWY-211113   expected [09-15-16 07:31 CDT] but found [09-15-16 05:31 CDT],
	 Destination is wrong for trailer RDWY-131622   expected [09-15-16 01:29 CDT] but found [09-14-16 23:29 CDT],
	 Destination is wrong for trailer RDWY-290192   expected [09-14-16 21:48 CDT] but found [09-14-16 19:48 CDT],
	 Destination is wrong for trailer RDWY-530381   expected [09-15-16 05:54 CDT] but found [09-15-16 15:54 CDT],
	 Destination is wrong for trailer RDWY-134602   expected [09-14-16 18:35 CDT] but found [09-14-16 16:35 CDT],
	 Destination is wrong for trailer RDWY-130896   expected [09-14-16 14:21 CDT] but found [09-14-16 12:21 CDT],
	 Destination is wrong for trailer RDWY-211499   expected [09-14-16 18:58 CDT] but found [09-14-16 16:58 CDT],
	 Destination is wrong for trailer RDWY-122470   expected [09-15-16 06:58 CDT] but found [09-15-16 09:57 CDT],
	 Destination is wrong for trailer RDWY-128438   expected [09-15-16 01:19 CDT] but found [09-15-16 09:34 CDT],
	 Destination is wrong for trailer RDWY-134705   expected [09-14-16 23:40 CDT] but found [09-14-16 21:40 CDT],
	 Destination is wrong for trailer RDWY-134905   expected [09-14-16 19:33 CDT] but found [09-14-16 17:33 CDT],
	 Destination is wrong for trailer RDWY-128713   expected [09-15-16 03:31 CDT] but found [09-15-16 09:32 CDT],
	 Destination is wrong for trailer RDWY-560047   expected [09-15-16 08:28 CDT] but found [09-15-16 18:28 CDT],
	 Destination is wrong for trailer RDWY-118848   expected [09-15-16 10:45 CDT] but found [09-15-16 08:45 CDT],
	 Destination is wrong for trailer RDWY-134592   expected [09-15-16 11:15 CDT] but found [09-15-16 09:15 CDT],
	 Destination is wrong for trailer RDWY-125090   expected [09-15-16 01:02 CDT] but found [09-14-16 23:02 CDT],
	 Destination is wrong for trailer RDWY-129625   expected [09-15-16 02:39 CDT] but found [09-15-16 00:39 CDT],
	 Destination is wrong for trailer RDWY-279897   expected [09-15-16 09:51 CDT] but found [09-15-16 07:51 CDT],
	 Destination is wrong for trailer RDWY-123656   expected [09-15-16 06:11 CDT] but found [09-15-16 04:11 CDT],
	 Destination is wrong for trailer RDWY-291195   expected [09-15-16 08:08 CDT] but found [09-15-16 06:08 CDT],
	 Destination is wrong for trailer RDWY-118556   expected [09-15-16 06:05 CDT] but found [09-15-16 04:05 CDT],
	 Destination is wrong for trailer RDWY-123769   expected [09-14-16 11:35 CDT] but found [09-14-16 09:35 CDT],
	 Destination is wrong for trailer RDWY-125774   expected [09-15-16 08:32 CDT] but found [09-15-16 06:32 CDT],
	 Destination is wrong for trailer RDWY-119828   expected [09-15-16 11:19 CDT] but found [09-15-16 09:19 CDT],
	 Destination is wrong for trailer RDWY-125849   expected [09-15-16 10:54 CDT] but found [09-15-16 08:54 CDT],
	 Destination is wrong for trailer RDWY-131008   expected [09-15-16 06:47 CDT] but found [09-15-16 04:47 CDT],
	 Destination is wrong for trailer RDWY-126531   expected [09-15-16 07:00 CDT] but found [09-15-16 05:00 CDT],
	 Destination is wrong for trailer RDWY-127243   expected [09-14-16 20:35 CDT] but found [09-15-16 09:41 CDT],
	 Destination is wrong for trailer RDWY-127110   expected [09-15-16 00:40 CDT] but found [09-14-16 22:40 CDT],
	 Destination is wrong for trailer RDWY-211613   expected [09-14-16 19:17 CDT] but found [09-14-16 17:17 CDT],
	 Destination is wrong for trailer RDWY-211255   expected [09-15-16 00:10 CDT] but found [09-14-16 22:10 CDT],
	 Destination is wrong for trailer RDWY-530391   expected [09-14-16 20:04 CDT] but found [09-15-16 06:04 CDT],
	 Destination is wrong for trailer RDWY-131317   expected [09-14-16 23:27 CDT] but found [09-14-16 21:27 CDT],
	 Destination is wrong for trailer EMHU-634475   expected [09-15-16 09:02 EDT] but found [09-15-16 21:02 EDT],
	 Destination is wrong for trailer RDWY-559226   expected [09-15-16 07:59 EDT] but found [09-15-16 19:59 EDT],
	 Destination is wrong for trailer RDWY-135029   expected [09-14-16 10:45 EDT] but found [09-15-16 10:37 EDT],
	 Destination is wrong for trailer RDWY-121146   expected [09-15-16 02:16 EDT] but found [09-15-16 10:48 EDT],
	 Destination is wrong for trailer RDWY-122761   expected [09-11-16 17:51 EDT] but found [09-15-16 10:50 EDT],
	 Destination is wrong for trailer MCPR-20309   expected [09-14-16 22:40 CDT] but found [09-15-16 08:40 CDT],
	 Destination is wrong for trailer RDWY-132397   expected [09-15-16 04:25 CDT] but found [09-15-16 09:35 CDT],
	 Destination is wrong for trailer RDWY-126357   expected [09-15-16 07:48 CDT] but found [09-15-16 05:48 CDT],
	 Destination is wrong for trailer RDWY-117127   expected [09-15-16 11:28 CDT] but found [09-15-16 09:28 CDT],
	 Destination is wrong for trailer RDWY-122168   expected [09-15-16 10:53 CDT] but found [09-15-16 08:53 CDT],
	 Destination is wrong for trailer RDWY-126712   expected [09-15-16 10:49 CDT] but found [09-15-16 08:49 CDT],
	 Destination is wrong for trailer RDWY-281393   expected [09-15-16 11:11 CDT] but found [09-15-16 09:11 CDT],
	 Destination is wrong for trailer RDWY-202304   expected [09-15-16 11:17 CDT] but found [09-15-16 09:17 CDT],
	 Destination is wrong for trailer RDWY-122393   expected [09-15-16 02:17 CDT] but found [09-15-16 09:31 CDT],
	 Destination is wrong for trailer RDWY-123689   expected [09-15-16 10:38 CDT] but found [09-15-16 08:38 CDT],
	 Destination is wrong for trailer RDWY-211583   expected [09-15-16 11:27 CDT] but found [09-15-16 09:27 CDT],
	 Destination is wrong for trailer RDWY-127654   expected [09-15-16 06:30 CDT] but found [09-15-16 04:30 CDT],
	 Destination is wrong for trailer PAMT-113223   expected [09-14-16 23:28 CDT] but found [09-15-16 09:28 CDT],
	 Destination is wrong for trailer RDWY-121142   expected [09-15-16 05:25 CDT] but found [09-15-16 03:25 CDT],
	 Destination is wrong for trailer RDWY-290203   expected [09-15-16 05:25 CDT] but found [09-15-16 03:25 CDT],
	 Destination is wrong for trailer RDWY-130689   expected [09-15-16 08:26 CDT] but found [09-15-16 06:26 CDT],
	 Destination is wrong for trailer RDWY-129739   expected [09-13-16 20:57 CDT] but found [09-15-16 10:00 CDT],
	 Destination is wrong for trailer RDWY-129674   expected [09-15-16 11:21 CDT] but found [09-15-16 09:21 CDT],
	 Destination is wrong for trailer MCPR-20464   expected [09-15-16 07:58 CDT] but found [09-15-16 17:58 CDT],
	 Destination is wrong for trailer RDWY-130859   expected [09-15-16 06:19 CDT] but found [09-15-16 04:19 CDT],
	 Destination is wrong for trailer RDWY-117140   expected [09-15-16 08:26 CDT] but found [09-15-16 06:26 CDT],
	 Destination is wrong for trailer RDWY-291029   expected [09-15-16 06:38 CDT] but found [09-15-16 04:38 CDT],
	 Destination is wrong for trailer RDWY-290683   expected [09-15-16 06:20 CDT] but found [09-15-16 04:20 CDT],
	 Destination is wrong for trailer RDWY-129949   expected [09-15-16 10:59 CDT] but found [09-15-16 08:59 CDT],
	 Destination is wrong for trailer RDWY-202484   expected [09-15-16 06:25 CDT] but found [09-15-16 04:25 CDT],
	 Destination is wrong for trailer RDWY-261118   expected [09-15-16 10:51 CDT] but found [09-15-16 08:51 CDT],
	 Destination is wrong for trailer RDWY-122536   expected [09-15-16 06:30 CDT] but found [09-15-16 04:30 CDT],
	 Destination is wrong for trailer RDWY-123122   expected [09-15-16 11:01 CDT] but found [09-15-16 09:01 CDT],
	 Destination is wrong for trailer RDWY-118003   expected [09-15-16 06:29 CDT] but found [09-15-16 04:29 CDT],
	 Destination is wrong for trailer RDWY-280695   expected [09-14-16 13:03 CDT] but found [09-15-16 10:00 CDT],
	 Destination is wrong for trailer RDWY-121688   expected [09-15-16 09:18 CDT] but found [09-15-16 07:18 CDT],
	 Destination is wrong for trailer RDWY-125708   expected [09-15-16 04:00 CDT] but found [09-15-16 02:00 CDT],
	 Destination is wrong for trailer RDWY-279363   expected [09-15-16 03:57 CDT] but found [09-15-16 01:57 CDT],
	 Destination is wrong for trailer RDWY-130862   expected [09-15-16 07:48 CDT] but found [09-15-16 05:48 CDT],
	 Destination is wrong for trailer RDWY-126850   expected [09-15-16 05:28 CDT] but found [09-15-16 03:28 CDT],
	 Destination is wrong for trailer RDWY-130690   expected [09-15-16 02:05 CDT] but found [09-15-16 00:05 CDT],
	 Destination is wrong for trailer RDWY-124216   expected [09-15-16 04:29 CDT] but found [09-15-16 02:29 CDT],
	 Destination is wrong for trailer RDWY-132912   expected [09-15-16 03:23 CDT] but found [09-15-16 01:23 CDT],
	 Destination is wrong for trailer RDWY-126855   expected [09-15-16 04:33 CDT] but found [09-15-16 09:42 CDT],
	 Destination is wrong for trailer RDWY-130890   expected [09-15-16 10:05 CDT] but found [09-15-16 08:05 CDT],
	 Destination is wrong for trailer RDWY-133432   expected [09-15-16 07:46 CDT] but found [09-15-16 09:38 CDT],
	 Destination is wrong for trailer RDWY-131432   expected [09-15-16 05:58 CDT] but found [09-15-16 03:58 CDT],
	 Destination is wrong for trailer RDWY-126220   expected [09-15-16 01:48 CDT] but found [09-14-16 23:48 CDT],
	 Destination is wrong for trailer RDWY-559337   expected [09-15-16 11:03 CDT] but found [09-15-16 21:03 CDT],
	 Destination is wrong for trailer RDWY-134710   expected [09-15-16 10:02 CDT] but found [09-15-16 08:02 CDT],
	 Destination is wrong for trailer RDWY-45544   expected [09-15-16 11:27 CDT] but found [09-15-16 09:27 CDT],
	 Destination is wrong for trailer RDWY-202453   expected [09-15-16 09:47 CDT] but found [09-15-16 07:47 CDT],
	 Destination is wrong for trailer RDWY-133137   expected [09-15-16 07:58 CDT] but found [09-15-16 09:45 CDT],
	 Destination is wrong for trailer RDWY-127481   expected [09-15-16 08:47 CDT] but found [09-15-16 06:47 CDT],
	 Destination is wrong for trailer RDWY-116984   expected [09-15-16 11:25 CDT] but found [09-15-16 09:25 CDT],
	 Destination is wrong for trailer RDWY-128011   expected [09-15-16 09:19 CDT] but found [09-15-16 07:19 CDT],
	 Destination is wrong for trailer RDWY-119476   expected [09-15-16 09:20 CDT] but found [09-15-16 07:20 CDT],
	 Destination is wrong for trailer RDWY-119482   expected [09-15-16 10:08 CDT] but found [09-15-16 08:08 CDT],
	 Destination is wrong for trailer RDWY-127114   expected [09-15-16 08:52 CDT] but found [09-15-16 06:52 CDT],
	 Destination is wrong for trailer RDWY-202525   expected [09-14-16 20:37 CDT] but found [09-14-16 18:37 CDT],
	 Destination is wrong for trailer RDWY-133296   expected [09-14-16 23:06 CDT] but found [09-14-16 21:06 CDT],
	 Destination is wrong for trailer RDWY-131619   expected [09-14-16 21:09 CDT] but found [09-14-16 19:09 CDT],
	 Destination is wrong for trailer RDWY-131358   expected [09-15-16 01:47 CDT] but found [09-14-16 23:47 CDT],
	 Destination is wrong for trailer RDWY-278482   expected [09-15-16 07:37 CDT] but found [09-15-16 05:37 CDT],
	 Destination is wrong for trailer RDWY-118983   expected [09-15-16 09:27 CDT] but found [09-15-16 07:27 CDT],
	 Destination is wrong for trailer RDWY-560547   expected [09-15-16 09:28 CDT] but found [09-15-16 19:28 CDT],
	 Destination is wrong for trailer PAMT-151215   expected [09-15-16 05:50 CDT] but found [09-15-16 15:50 CDT],
	 Destination is wrong for trailer RDWY-122717   expected [09-15-16 07:53 CDT] but found [09-15-16 05:53 CDT],
	 Destination is wrong for trailer RDWY-261194   expected [09-15-16 10:17 CDT] but found [09-15-16 08:17 CDT],
	 Destination is wrong for trailer RDWY-135256   expected [09-15-16 07:34 CDT] but found [09-15-16 05:34 CDT],
	 Destination is wrong for trailer RDWY-202702   expected [09-15-16 09:30 CDT] but found [09-15-16 07:30 CDT],
	 Destination is wrong for trailer RDWY-133175   expected [09-15-16 09:39 CDT] but found [09-15-16 07:39 CDT],
	 Destination is wrong for trailer RDWY-290076   expected [09-15-16 09:35 CDT] but found [09-15-16 07:35 CDT],
	 Destination is wrong for trailer RDWY-119077   expected [09-15-16 07:58 CDT] but found [09-15-16 05:58 CDT],
	 Destination is wrong for trailer RDWY-431068   expected [09-15-16 11:28 CDT] but found [09-15-16 21:28 CDT],
	 Destination is wrong for trailer RDWY-130925   expected [09-15-16 08:45 CDT] but found [09-15-16 06:45 CDT],
	 Destination is wrong for trailer RDWY-119784   expected [09-15-16 05:35 CDT] but found [09-15-16 03:35 CDT],
	 Destination is wrong for trailer RDWY-133105   expected [09-15-16 10:40 CDT] but found [09-15-16 08:40 CDT],
	 Destination is wrong for trailer RDWY-129533   expected [09-14-16 17:47 CDT] but found [09-14-16 15:47 CDT],
	 Destination is wrong for trailer RDWY-134425   expected [09-15-16 04:57 CDT] but found [09-15-16 02:57 CDT],
	 Destination is wrong for trailer PAMT-130366   expected [09-14-16 13:20 CDT] but found [09-14-16 23:20 CDT],
	 Destination is wrong for trailer RDWY-127900   expected [09-15-16 03:23 CDT] but found [09-15-16 09:36 CDT],
	 Destination is wrong for trailer RDWY-122264   expected [09-14-16 23:45 CDT] but found [09-15-16 09:41 CDT],
	 Destination is wrong for trailer RDWY-128649   expected [09-15-16 10:56 CDT] but found [09-15-16 08:56 CDT],
	 Destination is wrong for trailer ENGC-20559   expected [09-15-16 04:42 CDT] but found [09-15-16 14:42 CDT],
	 Destination is wrong for trailer RDWY-118358   expected [09-15-16 08:46 CDT] but found [09-15-16 06:46 CDT],
	 Destination is wrong for trailer KNIG-69093   expected [09-15-16 09:41 CDT] but found [09-15-16 19:41 CDT],
	 Destination is wrong for trailer RDWY-290016   expected [09-15-16 09:27 CDT] but found [09-15-16 07:27 CDT],
	 Destination is wrong for trailer RDWY-131543   expected [09-15-16 01:52 CDT] but found [09-14-16 23:52 CDT],
	 Destination is wrong for trailer RDWY-132834   expected [09-15-16 04:57 CDT] but found [09-15-16 02:57 CDT],
	 Destination is wrong for trailer RDWY-559158   expected [09-15-16 04:38 CDT] but found [09-15-16 14:38 CDT],
	 Destination is wrong for trailer RDWY-249347   expected [09-14-16 23:30 CDT] but found [09-14-16 21:30 CDT],
	 Destination is wrong for trailer RDWY-128086   expected [09-15-16 04:47 CDT] but found [09-15-16 02:47 CDT],
	 Destination is wrong for trailer RDWY-560057   expected [09-14-16 19:01 CDT] but found [09-15-16 05:01 CDT],
	 Destination is wrong for trailer RDWY-122687   expected [09-15-16 04:04 CDT] but found [09-15-16 02:04 CDT],
	 Destination is wrong for trailer RDWY-202017   expected [09-14-16 16:26 CDT] but found [09-14-16 14:26 CDT],
	 Destination is wrong for trailer RDWY-126239   expected [09-14-16 20:01 CDT] but found [09-14-16 18:01 CDT],
	 Destination is wrong for trailer RDWY-134934   expected [09-15-16 02:02 CDT] but found [09-15-16 00:02 CDT],
	 Destination is wrong for trailer RDWY-290319   expected [09-14-16 21:33 CDT] but found [09-14-16 19:33 CDT],
	 Destination is wrong for trailer RDWY-131883   expected [09-15-16 05:00 CDT] but found [09-15-16 03:00 CDT],
	 Destination is wrong for trailer RDWY-201145   expected [09-15-16 01:57 CDT] but found [09-14-16 23:57 CDT],
	 Destination is wrong for trailer RDWY-126561   expected [09-15-16 00:53 CDT] but found [09-14-16 22:53 CDT],
	 Destination is wrong for trailer RDWY-125737   expected [09-15-16 11:20 CDT] but found [09-15-16 09:20 CDT],
	 Destination is wrong for trailer RDWY-276135   expected [09-15-16 09:44 CDT] but found [09-15-16 07:44 CDT],
	 Destination is wrong for trailer RDWY-127790   expected [09-14-16 18:55 CDT] but found [09-14-16 16:55 CDT],
	 Destination is wrong for trailer RDWY-133056   expected [09-14-16 18:58 CDT] but found [09-14-16 16:58 CDT],
	 Destination is wrong for trailer RDWY-276930   expected [09-14-16 20:13 CDT] but found [09-14-16 18:13 CDT],
	 Destination is wrong for trailer RDWY-131458   expected [09-15-16 09:36 CDT] but found [09-15-16 07:36 CDT],
	 Destination is wrong for trailer RDWY-558510   expected [09-15-16 03:39 CDT] but found [09-15-16 13:39 CDT],
	 Destination is wrong for trailer RDWY-280476   expected [09-14-16 23:38 CDT] but found [09-14-16 21:38 CDT],
	 Destination is wrong for trailer RDWY-121881   expected [09-14-16 21:04 CDT] but found [09-14-16 19:04 CDT],
	 Destination is wrong for trailer RDWY-131004   expected [09-15-16 02:06 CDT] but found [09-15-16 00:06 CDT],
	 Destination is wrong for trailer RDWY-211665   expected [09-14-16 21:32 CDT] but found [09-14-16 19:32 CDT],
	 Destination is wrong for trailer RDWY-130526   expected [09-14-16 21:23 CDT] but found [09-14-16 19:23 CDT],
	 Destination is wrong for trailer RDWY-125427   expected [09-15-16 01:44 CDT] but found [09-14-16 23:44 CDT],
	 Destination is wrong for trailer RDWY-125768   expected [09-15-16 10:00 CDT] but found [09-15-16 08:00 CDT],
	 Destination is wrong for trailer RDWY-119210   expected [09-15-16 04:05 CDT] but found [09-15-16 02:05 CDT],
	 Destination is wrong for trailer RDWY-277524   expected [09-15-16 09:11 CDT] but found [09-15-16 07:11 CDT],
	 Destination is wrong for trailer RDWY-132935   expected [09-15-16 04:00 CDT] but found [09-15-16 02:00 CDT],
	 Destination is wrong for trailer RDWY-530599   expected [09-15-16 10:55 CDT] but found [09-15-16 20:55 CDT],
	 Destination is wrong for trailer RDWY-124271   expected [09-15-16 10:29 CDT] but found [09-15-16 08:29 CDT],
	 Destination is wrong for trailer RDWY-125061   expected [09-15-16 05:44 CDT] but found [09-15-16 03:44 CDT],
	 Destination is wrong for trailer RDWY-127478   expected [09-15-16 06:37 CDT] but found [09-15-16 04:37 CDT],
	 Destination is wrong for trailer RDWY-211466   expected [09-15-16 08:18 CDT] but found [09-15-16 06:18 CDT],
	 Destination is wrong for trailer RDWY-126071   expected [09-14-16 15:01 CDT] but found [09-15-16 09:55 CDT],
	 Destination is wrong for trailer RDWY-134725   expected [09-15-16 09:43 CDT] but found [09-15-16 09:52 CDT],
	 Destination is wrong for trailer RDWY-561016   expected [09-15-16 11:11 CDT] but found [09-15-16 21:11 CDT],
	 Destination is wrong for trailer RDWY-127597   expected [09-15-16 01:10 CDT] but found [09-14-16 23:10 CDT],
	 Destination is wrong for trailer RDWY-211318   expected [09-14-16 23:52 CDT] but found [09-14-16 21:52 CDT],
	 Destination is wrong for trailer RDWY-123014   expected [09-15-16 02:49 CDT] but found [09-15-16 00:49 CDT],
	 Destination is wrong for trailer RDWY-211695   expected [09-14-16 04:39 PDT] but found [09-13-16 22:39 PDT],
	 Destination is wrong for trailer RDWY-118646   expected [09-14-16 23:48 PDT] but found [09-14-16 17:48 PDT],
	 Destination is wrong for trailer RDWY-249016   expected [09-15-16 04:24 PDT] but found [09-14-16 22:24 PDT],
	 Destination is wrong for trailer RDWY-125707   expected [09-15-16 07:50 PDT] but found [09-15-16 01:50 PDT],
	 Destination is wrong for trailer RDWY-290065   expected [09-15-16 03:48 PDT] but found [09-14-16 21:48 PDT],
	 Destination is wrong for trailer RDWY-290840   expected [09-14-16 19:35 PDT] but found [09-14-16 13:35 PDT],
	 Destination is wrong for trailer RDWY-126105   expected [09-15-16 07:35 PDT] but found [09-15-16 01:35 PDT],
	 Destination is wrong for trailer RDWY-129879   expected [09-15-16 03:26 PDT] but found [09-14-16 21:26 PDT],
	 Destination is wrong for trailer RDWY-261101   expected [09-15-16 02:26 PDT] but found [09-14-16 20:26 PDT],
	 Destination is wrong for trailer RDWY-135525   expected [09-15-16 04:44 PDT] but found [09-14-16 22:44 PDT],
	 Destination is wrong for trailer RDWY-131907   expected [09-15-16 10:36 PDT] but found [09-15-16 04:36 PDT],
	 Destination is wrong for trailer RDWY-530031   expected [09-15-16 10:20 PDT] but found [09-15-16 16:20 PDT],
	 Destination is wrong for trailer RDWY-896980   expected [09-15-16 06:52 PDT] but found [09-15-16 12:52 PDT],
	 Destination is wrong for trailer EMHU-295225   expected [09-15-16 08:04 EDT] but found [09-15-16 20:04 EDT],
	 Destination is wrong for trailer EMHU-637422   expected [09-15-16 03:56 EDT] but found [09-15-16 15:56 EDT],
	 Destination is wrong for trailer RDWY-133737   expected [09-15-16 08:59 EDT] but found [09-15-16 10:53 EDT],
	 Destination is wrong for trailer RDWY-122615   expected [09-14-16 23:19 EDT] but found [09-15-16 10:31 EDT],
	 Destination is wrong for trailer RDWY-119798   expected [09-15-16 04:57 PDT] but found [09-14-16 22:57 PDT],
	 Destination is wrong for trailer RDWY-202521   expected [09-14-16 03:11 PDT] but found [09-13-16 21:11 PDT],
	 Destination is wrong for trailer RDWY-127148   expected [09-15-16 06:55 PDT] but found [09-15-16 00:55 PDT],
	 Destination is wrong for trailer RDWY-211370   expected [09-15-16 05:55 PDT] but found [09-14-16 23:55 PDT],
	 Destination is wrong for trailer RDWY-131393   expected [09-14-16 13:45 PDT] but found [09-15-16 07:58 PDT],
	 Destination is wrong for trailer RDWY-133647   expected [09-15-16 12:39 PDT] but found [09-15-16 06:39 PDT],
	 Destination is wrong for trailer RDWY-131100   expected [09-15-16 11:32 PDT] but found [09-15-16 05:32 PDT],
	 Destination is wrong for trailer RDWY-131555   expected [09-14-16 20:19 PDT] but found [09-15-16 07:43 PDT],
	 Destination is wrong for trailer RDWY-119565   expected [09-14-16 20:15 PDT] but found [09-14-16 14:15 PDT],
	 Destination is wrong for trailer RDWY-126184   expected [09-14-16 20:55 PDT] but found [09-14-16 14:55 PDT],
	 Destination is wrong for trailer RDWY-134480   expected [09-15-16 06:38 PDT] but found [09-15-16 00:38 PDT],
	 Destination is wrong for trailer RDWY-132350   expected [09-15-16 08:59 PDT] but found [09-15-16 02:59 PDT],
	 Destination is wrong for trailer RDWY-291000   expected [09-15-16 11:47 PDT] but found [09-15-16 05:47 PDT],
	 Destination is wrong for trailer RDWY-278392   expected [09-15-16 04:45 PDT] but found [09-14-16 22:45 PDT],
	 Destination is wrong for trailer RDWY-133273   expected [09-15-16 10:04 PDT] but found [09-15-16 07:49 PDT],
	 Destination is wrong for trailer RDWY-133967   expected [09-15-16 05:12 PDT] but found [09-14-16 23:12 PDT],
	 Destination is wrong for trailer RDWY-119201   expected [09-15-16 01:28 PDT] but found [09-14-16 19:28 PDT],
	 Destination is wrong for trailer RDWY-124367   expected [09-15-16 05:12 PDT] but found [09-14-16 23:12 PDT],
	 Destination is wrong for trailer RDWY-131809   expected [09-14-16 23:59 PDT] but found [09-14-16 17:59 PDT],
	 Destination is wrong for trailer RDWY-431231   expected [09-15-16 12:00 PDT] but found [09-15-16 18:00 PDT],
	 Destination is wrong for trailer CRST-311577   expected [09-15-16 11:27 PDT] but found [09-15-16 17:27 PDT],
	 Destination is wrong for trailer RDWY-279255   expected [09-15-16 07:21 PDT] but found [09-15-16 01:21 PDT],
	 Destination is wrong for trailer RDWY-124155   expected [09-15-16 13:08 PDT] but found [09-15-16 07:08 PDT],
	 Destination is wrong for trailer RDWY-125234   expected [09-15-16 11:28 PDT] but found [09-15-16 05:28 PDT],
	 Destination is wrong for trailer RDWY-117912   expected [09-15-16 10:23 PDT] but found [09-15-16 04:23 PDT],
	 Destination is wrong for trailer RDWY-121444   expected [09-15-16 03:19 PDT] but found [09-15-16 07:43 PDT],
	 Destination is wrong for trailer RDWY-129870   expected [09-15-16 09:08 PDT] but found [09-15-16 03:08 PDT],
	 Destination is wrong for trailer RDWY-121672   expected [09-15-16 05:04 PDT] but found [09-14-16 23:04 PDT],
	 Destination is wrong for trailer RDWY-133560   expected [09-15-16 04:27 PDT] but found [09-14-16 22:27 PDT],
	 Destination is wrong for trailer RDWY-124045   expected [09-15-16 10:12 PDT] but found [09-15-16 04:12 PDT],
	 Destination is wrong for trailer RDWY-530669   expected [09-15-16 06:45 PDT] but found [09-15-16 12:45 PDT],
	 Destination is wrong for trailer RDWY-122337   expected [09-15-16 06:38 PDT] but found [09-15-16 00:38 PDT],
	 Destination is wrong for trailer RDWY-132032   expected [09-14-16 22:59 PDT] but found [09-14-16 16:59 PDT],
	 Destination is wrong for trailer RDWY-135074   expected [09-15-16 10:31 PDT] but found [09-15-16 04:31 PDT],
	 Destination is wrong for trailer RDWY-290374   expected [09-15-16 05:07 PDT] but found [09-14-16 23:07 PDT],
	 Destination is wrong for trailer RDWY-117175   expected [09-15-16 07:27 PDT] but found [09-15-16 01:27 PDT],
	 Destination is wrong for trailer RDWY-131471   expected [09-15-16 11:57 PDT] but found [09-15-16 05:57 PDT],
	 Destination is wrong for trailer RDWY-134830   expected [09-15-16 12:56 PDT] but found [09-15-16 06:56 PDT],
	 Destination is wrong for trailer RDWY-133406   expected [09-15-16 08:34 PDT] but found [09-15-16 02:34 PDT],
	 Destination is wrong for trailer RDWY-531079   expected [09-15-16 13:09 PDT] but found [09-15-16 19:09 PDT],
	 Destination is wrong for trailer RDWY-126990   expected [09-15-16 05:15 PDT] but found [09-14-16 23:15 PDT],
	 Destination is wrong for trailer RDWY-558388   expected [09-15-16 11:30 PDT] but found [09-15-16 19:51 PDT],
	 Destination is wrong for trailer RDWY-41505   expected [09-15-16 11:56 PDT] but found [09-15-16 05:56 PDT],
	 Destination is wrong for trailer RDWY-133093   expected [09-15-16 01:28 PDT] but found [09-14-16 19:28 PDT],
	 Destination is wrong for trailer RDWY-118259   expected [09-15-16 12:07 PDT] but found [09-15-16 06:07 PDT],
	 Destination is wrong for trailer RDWY-560340   expected [09-15-16 08:20 PDT] but found [09-15-16 14:20 PDT],
	 Destination is wrong for trailer RDWY-249386   expected [09-15-16 12:05 PDT] but found [09-15-16 06:05 PDT],
	 Destination is wrong for trailer RDWY-133063   expected [09-15-16 12:11 PDT] but found [09-15-16 06:11 PDT],
	 Destination is wrong for trailer RDWY-118325   expected [09-15-16 06:08 PDT] but found [09-15-16 00:08 PDT],
	 Destination is wrong for trailer RDWY-118674   expected [09-15-16 12:31 PDT] but found [09-15-16 06:31 PDT],
	 Destination is wrong for trailer RDWY-123056   expected [09-15-16 11:42 PDT] but found [09-15-16 05:42 PDT],
	 Destination is wrong for trailer RDWY-280977   expected [09-15-16 11:49 PDT] but found [09-15-16 05:49 PDT],
	 Destination is wrong for trailer RDWY-126718   expected [09-15-16 11:47 PDT] but found [09-15-16 05:47 PDT],
	 Destination is wrong for trailer RDWY-131368   expected [09-15-16 11:50 PDT] but found [09-15-16 05:50 PDT],
	 Destination is wrong for trailer RDWY-291248   expected [09-15-16 12:22 PDT] but found [09-15-16 06:22 PDT],
	 Destination is wrong for trailer RDWY-132545   expected [09-15-16 06:39 PDT] but found [09-15-16 00:39 PDT],
	 Destination is wrong for trailer RDWY-123291   expected [09-15-16 05:46 PDT] but found [09-14-16 23:46 PDT],
	 Destination is wrong for trailer RDWY-133605   expected [09-15-16 03:29 PDT] but found [09-14-16 21:29 PDT],
	 Destination is wrong for trailer RDWY-131846   expected [09-15-16 09:08 PDT] but found [09-15-16 03:08 PDT],
	 Destination is wrong for trailer RDWY-134462   expected [09-15-16 11:20 PDT] but found [09-15-16 05:20 PDT],
	 Destination is wrong for trailer RDWY-124226   expected [09-15-16 11:58 PDT] but found [09-15-16 05:58 PDT],
	 Destination is wrong for trailer RDWY-559313   expected [09-15-16 13:01 PDT] but found [09-15-16 19:01 PDT],
	 Destination is wrong for trailer RDWY-130762   expected [09-15-16 06:34 PDT] but found [09-15-16 00:34 PDT],
	 Destination is wrong for trailer RDWY-134422   expected [09-14-16 10:17 MST] but found [09-14-16 06:17 MST],
	 Destination is wrong for trailer RDWY-291137   expected [09-14-16 11:38 MST] but found [09-14-16 07:38 MST],
	 Destination is wrong for trailer RDWY-131504   expected [09-15-16 11:30 MST] but found [09-15-16 07:30 MST],
	 Destination is wrong for trailer RDWY-128058   expected [09-14-16 22:23 MST] but found [09-14-16 18:23 MST],
	 Destination is wrong for trailer RDWY-132046   expected [09-15-16 10:29 MST] but found [09-15-16 06:29 MST],
	 Destination is wrong for trailer RDWY-135447   expected [09-14-16 23:50 MST] but found [09-14-16 19:50 MST],
	 Destination is wrong for trailer RDWY-134508   expected [09-15-16 08:17 MST] but found [09-15-16 04:17 MST],
	 Destination is wrong for trailer RDWY-251193   expected [09-15-16 03:25 MST] but found [09-15-16 11:25 MST],
	 Destination is wrong for trailer RDWY-133842   expected [09-15-16 08:04 MST] but found [09-15-16 04:04 MST],
	 Destination is wrong for trailer RDWY-211214   expected [09-15-16 01:35 MST] but found [09-14-16 21:35 MST],
	 Destination is wrong for trailer RDWY-275883   expected [09-15-16 04:40 MST] but found [09-15-16 00:40 MST],
	 Destination is wrong for trailer RDWY-126149   expected [09-14-16 22:41 MST] but found [09-14-16 18:41 MST],
	 Destination is wrong for trailer RDWY-127061   expected [09-14-16 19:45 MST] but found [09-14-16 15:45 MST],
	 Destination is wrong for trailer RDWY-134020   expected [09-14-16 10:31 MST] but found [09-14-16 06:31 MST],
	 Destination is wrong for trailer RDWY-126480   expected [09-14-16 23:03 MST] but found [09-14-16 19:03 MST],
	 Destination is wrong for trailer RDWY-129653   expected [09-15-16 03:16 MST] but found [09-14-16 23:16 MST],
	 Destination is wrong for trailer RDWY-133895   expected [09-15-16 02:07 MST] but found [09-14-16 22:07 MST],
	 Destination is wrong for trailer RDWY-131960   expected [09-15-16 03:37 MST] but found [09-14-16 23:37 MST],
	 Destination is wrong for trailer RDWY-130519   expected [09-15-16 11:23 MST] but found [09-15-16 07:23 MST],
	 Destination is wrong for trailer RDWY-135228   expected [09-14-16 23:34 MST] but found [09-14-16 19:34 MST],
	 Destination is wrong for trailer RDWY-128772   expected [09-15-16 03:50 MST] but found [09-14-16 23:50 MST],
	 Destination is wrong for trailer RDWY-128039   expected [09-15-16 03:49 MST] but found [09-14-16 23:49 MST],
	 Destination is wrong for trailer RDWY-249068   expected [09-15-16 06:32 PDT] but found [09-15-16 00:32 PDT],
	 Destination is wrong for trailer RDWY-249196   expected [09-15-16 07:46 PDT] but found [09-15-16 01:46 PDT],
	 Destination is wrong for trailer RDWY-249128   expected [09-15-16 06:37 PDT] but found [09-15-16 00:37 PDT],
	 Destination is wrong for trailer RDWY-290793   expected [09-15-16 11:21 PDT] but found [09-15-16 05:21 PDT],
	 Destination is wrong for trailer RDWY-124399   expected [09-15-16 04:51 PDT] but found [09-14-16 22:51 PDT],
	 Destination is wrong for trailer RDWY-126887   expected [09-15-16 09:26 PDT] but found [09-15-16 03:26 PDT],
	 Destination is wrong for trailer RDWY-125864   expected [09-15-16 10:22 PDT] but found [09-15-16 04:22 PDT],
	 Destination is wrong for trailer RDWY-132476   expected [09-15-16 11:36 PDT] but found [09-15-16 05:36 PDT],
	 Destination is wrong for trailer RDWY-125539   expected [09-15-16 00:58 PDT] but found [09-14-16 18:58 PDT],
	 Destination is wrong for trailer RDWY-290007   expected [09-15-16 07:14 PDT] but found [09-15-16 01:14 PDT],
	 Destination is wrong for trailer RDWY-129830   expected [09-15-16 10:16 PDT] but found [09-15-16 04:16 PDT],
	 Destination is wrong for trailer RDWY-133495   expected [09-15-16 09:38 PDT] but found [09-15-16 03:38 PDT],
	 Destination is wrong for trailer RDWY-261265   expected [09-15-16 08:26 PDT] but found [09-15-16 02:26 PDT],
	 Destination is wrong for trailer RDWY-127378   expected [09-15-16 05:46 PDT] but found [09-14-16 23:46 PDT],
	 Destination is wrong for trailer RDWY-124179   expected [09-15-16 08:52 PDT] but found [09-15-16 02:52 PDT],
	 Destination is wrong for trailer RDWY-129860   expected [09-15-16 02:48 PDT] but found [09-14-16 20:48 PDT],
	 Destination is wrong for trailer RDWY-280969   expected [09-15-16 07:22 PDT] but found [09-15-16 01:22 PDT],
	 Destination is wrong for trailer RDWY-129276   expected [09-15-16 13:07 PDT] but found [09-15-16 07:07 PDT],
	 Destination is wrong for trailer RDWY-291226   expected [09-15-16 01:34 PDT] but found [09-14-16 19:34 PDT],
	 Destination is wrong for trailer RDWY-560690   expected [09-13-16 08:53 PDT] but found [09-15-16 19:33 PDT],
	 Destination is wrong for trailer RDWY-135069   expected [09-15-16 02:24 PDT] but found [09-14-16 20:24 PDT],
	 Destination is wrong for trailer RDWY-130533   expected [09-15-16 12:44 PDT] but found [09-15-16 06:44 PDT],
	 Destination is wrong for trailer RDWY-133681   expected [09-15-16 07:28 PDT] but found [09-15-16 01:28 PDT],
	 Destination is wrong for trailer RDWY-131313   expected [09-15-16 05:29 PDT] but found [09-14-16 23:29 PDT],
	 Destination is wrong for trailer RDWY-132528   expected [09-15-16 01:05 PDT] but found [09-14-16 19:05 PDT],
	 Destination is wrong for trailer RDWY-134140   expected [09-15-16 04:06 PDT] but found [09-14-16 22:06 PDT],
	 Destination is wrong for trailer RDWY-125049   expected [09-15-16 05:14 PDT] but found [09-14-16 23:14 PDT],
	 Destination is wrong for trailer RDWY-211580   expected [09-15-16 10:26 MDT] but found [09-15-16 06:26 MDT],
	 Destination is wrong for trailer RDWY-126368   expected [09-15-16 02:55 MDT] but found [09-14-16 22:55 MDT],
	 Destination is wrong for trailer RDWY-122059   expected [09-15-16 02:37 MDT] but found [09-14-16 22:37 MDT],
	 Destination is wrong for trailer RDWY-130620   expected [09-15-16 08:12 MDT] but found [09-15-16 04:12 MDT],
	 Destination is wrong for trailer RDWY-127611   expected [09-15-16 05:33 MDT] but found [09-15-16 01:33 MDT],
	 Destination is wrong for trailer RDWY-134064   expected [09-15-16 10:41 MDT] but found [09-15-16 06:41 MDT],
	 Destination is wrong for trailer RDWY-126069   expected [09-15-16 02:39 MDT] but found [09-14-16 22:39 MDT],
	 Destination is wrong for trailer RDWY-134392   expected [09-15-16 02:45 MDT] but found [09-14-16 22:45 MDT],
	 Destination is wrong for trailer RDWY-124064   expected [09-15-16 08:05 MDT] but found [09-15-16 04:05 MDT],
	 Destination is wrong for trailer RDWY-130462   expected [09-15-16 08:37 MDT] but found [09-15-16 04:37 MDT],
	 Destination is wrong for trailer RDWY-202651   expected [09-15-16 11:47 MDT] but found [09-15-16 07:47 MDT],
	 Destination is wrong for trailer RDWY-202361   expected [09-15-16 11:40 MDT] but found [09-15-16 07:40 MDT],
	 Destination is wrong for trailer RDWY-135085   expected [09-15-16 11:39 MDT] but found [09-15-16 07:39 MDT],
	 Destination is wrong for trailer RDWY-129851   expected [09-15-16 11:42 MDT] but found [09-15-16 07:42 MDT],
	 Destination is wrong for trailer RDWY-133419   expected [09-15-16 00:50 MDT] but found [09-14-16 20:50 MDT],
	 Destination is wrong for trailer RDWY-117397   expected [09-14-16 17:16 MDT] but found [09-14-16 13:16 MDT],
	 Destination is wrong for trailer RDWY-129873   expected [09-15-16 12:26 MDT] but found [09-15-16 08:26 MDT],
	 Destination is wrong for trailer RDWY-278297   expected [09-15-16 10:37 MDT] but found [09-15-16 06:37 MDT],
	 Destination is wrong for trailer RDWY-261386   expected [09-15-16 03:55 MDT] but found [09-14-16 23:55 MDT],
	 Destination is wrong for trailer RDWY-211433   expected [09-15-16 11:49 MDT] but found [09-15-16 07:49 MDT],
	 Destination is wrong for trailer RDWY-131226   expected [09-15-16 04:52 MDT] but found [09-15-16 00:52 MDT],
	 Destination is wrong for trailer RDWY-202192   expected [09-15-16 03:19 MDT] but found [09-14-16 23:19 MDT],
	 Destination is wrong for trailer RDWY-128504   expected [09-15-16 00:26 MDT] but found [09-14-16 20:26 MDT],
	 Destination is wrong for trailer RDWY-127312   expected [09-15-16 01:35 MDT] but found [09-14-16 21:35 MDT],
	 Destination is wrong for trailer RDWY-290799   expected [09-15-16 05:18 MDT] but found [09-15-16 01:18 MDT],
	 Destination is wrong for trailer RDWY-310544   expected [09-15-16 08:17 MDT] but found [09-15-16 16:17 MDT],
	 Destination is wrong for trailer RDWY-126863   expected [09-14-16 11:50 MDT] but found [09-14-16 07:50 MDT],
	 Destination is wrong for trailer RDWY-132946   expected [09-14-16 16:50 MDT] but found [09-14-16 12:50 MDT],
	 Destination is wrong for trailer RDWY-134288   expected [09-15-16 11:51 MDT] but found [09-15-16 07:51 MDT],
	 Destination is wrong for trailer RDWY-133747   expected [09-15-16 01:16 PDT] but found [09-14-16 19:16 PDT],
	 Destination is wrong for trailer RDWY-559581   expected [09-13-16 01:00 PDT] but found [09-13-16 07:00 PDT]">
      <![CDATA[java.lang.AssertionError: The following asserts failed:
	 Destination is wrong for trailer RDWY-122041   expected [09-15-16 05:48 EDT] but found [09-15-16 10:35 EDT],
	 Destination is wrong for trailer RDWY-133060   expected [09-15-16 09:16 EDT] but found [09-15-16 10:59 EDT],
	 Destination is wrong for trailer RDWY-559674   expected [09-15-16 06:42 EDT] but found [09-15-16 18:42 EDT],
	 Destination is wrong for trailer RDWY-430517   expected [09-15-16 08:48 EDT] but found [09-15-16 20:48 EDT],
	 Destination is wrong for trailer RDWY-132930   expected [09-15-16 07:17 EDT] but found [09-15-16 10:56 EDT],
	 Destination is wrong for trailer RDWY-288033   expected [09-15-16 03:45 EDT] but found [09-15-16 10:57 EDT],
	 Destination is wrong for trailer RDWY-127262   expected [09-14-16 22:39 EDT] but found [09-15-16 10:49 EDT],
	 Destination is wrong for trailer RDWY-290177   expected [09-14-16 20:43 EDT] but found [09-15-16 10:45 EDT],
	 Destination is wrong for trailer RDWY-129932   expected [09-15-16 03:38 EDT] but found [09-15-16 10:49 EDT],
	 Destination is wrong for trailer RDWY-126049   expected [09-14-16 22:20 EDT] but found [09-15-16 10:38 EDT],
	 Destination is wrong for trailer RDWY-530431   expected [09-15-16 08:48 EDT] but found [09-15-16 20:48 EDT],
	 Destination is wrong for trailer EMHU-243807   expected [09-15-16 04:24 EDT] but found [09-15-16 16:24 EDT],
	 Destination is wrong for trailer RDWY-118514   expected [09-15-16 02:56 EDT] but found [09-15-16 10:52 EDT],
	 Destination is wrong for trailer RDWY-117112   expected [09-15-16 04:29 EDT] but found [09-15-16 10:34 EDT],
	 Destination is wrong for trailer RDWY-135417   expected [09-15-16 00:13 CDT] but found [09-14-16 22:13 CDT],
	 Destination is wrong for trailer RDWY-117823   expected [09-15-16 05:49 CDT] but found [09-15-16 03:49 CDT],
	 Destination is wrong for trailer RDWY-280097   expected [09-15-16 03:03 CDT] but found [09-15-16 01:03 CDT],
	 Destination is wrong for trailer RDWY-127049   expected [09-14-16 22:33 CDT] but found [09-14-16 20:33 CDT],
	 Destination is wrong for trailer RDWY-45541   expected [09-14-16 23:12 CDT] but found [09-15-16 09:53 CDT],
	 Destination is wrong for trailer EMHU-250201   expected [09-15-16 10:25 CDT] but found [09-15-16 20:25 CDT],
	 Destination is wrong for trailer RDWY-251365   expected [09-15-16 07:57 CDT] but found [09-15-16 17:57 CDT],
	 Destination is wrong for trailer RDWY-133274   expected [09-15-16 11:10 CDT] but found [09-15-16 09:10 CDT],
	 Destination is wrong for trailer RDWY-118990   expected [09-15-16 08:45 CDT] but found [09-15-16 06:45 CDT],
	 Destination is wrong for trailer RDWY-134411   expected [09-15-16 10:19 CDT] but found [09-15-16 08:19 CDT],
	 Destination is wrong for trailer RDWY-126228   expected [09-15-16 10:21 CDT] but found [09-15-16 08:21 CDT],
	 Destination is wrong for trailer RDWY-130729   expected [09-14-16 23:25 CDT] but found [09-14-16 21:25 CDT],
	 Destination is wrong for trailer RDWY-117243   expected [09-15-16 09:12 CDT] but found [09-15-16 07:12 CDT],
	 Destination is wrong for trailer RDWY-121564   expected [09-15-16 09:59 CDT] but found [09-15-16 07:59 CDT],
	 Destination is wrong for trailer RDWY-202277   expected [09-15-16 11:15 CDT] but found [09-15-16 09:15 CDT],
	 Destination is wrong for trailer RDWY-132453   expected [09-15-16 05:38 CDT] but found [09-15-16 09:45 CDT],
	 Destination is wrong for trailer REIM-147734   expected [09-15-16 11:07 CDT] but found [09-15-16 21:07 CDT],
	 Destination is wrong for trailer RDWY-135458   expected [09-15-16 10:06 CDT] but found [09-15-16 08:06 CDT],
	 Destination is wrong for trailer RDWY-121711   expected [09-15-16 11:28 CDT] but found [09-15-16 09:28 CDT],
	 Destination is wrong for trailer RDWY-121428   expected [09-15-16 11:16 CDT] but found [09-15-16 09:16 CDT],
	 Destination is wrong for trailer RDWY-249217   expected [09-15-16 09:41 CDT] but found [09-15-16 07:41 CDT],
	 Destination is wrong for trailer RDWY-116771   expected [09-15-16 09:02 CDT] but found [09-15-16 07:02 CDT],
	 Destination is wrong for trailer RDWY-130848   expected [09-15-16 06:37 CDT] but found [09-15-16 04:37 CDT],
	 Destination is wrong for trailer RDWY-125478   expected [09-15-16 01:22 CDT] but found [09-14-16 23:22 CDT],
	 Destination is wrong for trailer RDWY-132358   expected [09-15-16 10:50 CDT] but found [09-15-16 08:50 CDT],
	 Destination is wrong for trailer RDWY-291177   expected [09-15-16 02:16 CDT] but found [09-15-16 00:16 CDT],
	 Destination is wrong for trailer RDWY-131442   expected [09-15-16 11:28 CDT] but found [09-15-16 09:28 CDT],
	 Destination is wrong for trailer RDWY-202480   expected [09-15-16 08:48 CDT] but found [09-15-16 06:48 CDT],
	 Destination is wrong for trailer RDWY-126781   expected [09-14-16 18:42 CDT] but found [09-15-16 09:48 CDT],
	 Destination is wrong for trailer RDWY-202740   expected [09-15-16 10:50 CDT] but found [09-15-16 08:50 CDT],
	 Destination is wrong for trailer RDWY-276735   expected [09-15-16 05:47 CDT] but found [09-15-16 03:47 CDT],
	 Destination is wrong for trailer RDWY-134582   expected [09-15-16 01:01 CDT] but found [09-14-16 23:01 CDT],
	 Destination is wrong for trailer RDWY-290001   expected [09-15-16 09:29 CDT] but found [09-15-16 07:29 CDT],
	 Destination is wrong for trailer RDWY-131282   expected [09-15-16 05:15 CDT] but found [09-15-16 03:15 CDT],
	 Destination is wrong for trailer ENGC-24361   expected [09-14-16 18:45 CDT] but found [09-15-16 04:45 CDT],
	 Destination is wrong for trailer RDWY-202184   expected [09-15-16 11:06 CDT] but found [09-15-16 09:06 CDT],
	 Destination is wrong for trailer RDWY-128478   expected [09-15-16 07:00 CDT] but found [09-15-16 05:00 CDT],
	 Destination is wrong for trailer RDWY-129543   expected [09-15-16 08:52 CDT] but found [09-15-16 06:52 CDT],
	 Destination is wrong for trailer RDWY-135521   expected [09-15-16 01:03 CDT] but found [09-14-16 23:03 CDT],
	 Destination is wrong for trailer RDWY-560634   expected [09-15-16 09:33 CDT] but found [09-15-16 19:33 CDT],
	 Destination is wrong for trailer RDWY-126647   expected [09-14-16 23:05 CDT] but found [09-15-16 09:45 CDT],
	 Destination is wrong for trailer RDWY-133330   expected [09-15-16 09:08 CDT] but found [09-15-16 07:08 CDT],
	 Destination is wrong for trailer RDWY-131285   expected [09-15-16 05:41 CDT] but found [09-15-16 03:41 CDT],
	 Destination is wrong for trailer RDWY-211743   expected [09-15-16 05:17 CDT] but found [09-15-16 03:17 CDT],
	 Destination is wrong for trailer RDWY-132254   expected [09-15-16 09:06 CDT] but found [09-15-16 07:06 CDT],
	 Destination is wrong for trailer RDWY-290659   expected [09-15-16 11:14 CDT] but found [09-15-16 09:14 CDT],
	 Destination is wrong for trailer RDWY-130782   expected [09-15-16 08:32 CDT] but found [09-15-16 06:32 CDT],
	 Destination is wrong for trailer RDWY-129919   expected [09-14-16 16:31 CDT] but found [09-15-16 09:44 CDT],
	 Destination is wrong for trailer RDWY-277842   expected [09-15-16 03:38 CDT] but found [09-15-16 01:38 CDT],
	 Destination is wrong for trailer RDWY-118280   expected [09-15-16 03:09 CDT] but found [09-15-16 01:09 CDT],
	 Destination is wrong for trailer RDWY-211624   expected [09-15-16 10:14 CDT] but found [09-15-16 08:14 CDT],
	 Destination is wrong for trailer RDWY-133401   expected [09-15-16 02:01 CDT] but found [09-15-16 00:01 CDT],
	 Destination is wrong for trailer RDWY-290134   expected [09-15-16 02:01 CDT] but found [09-15-16 00:01 CDT],
	 Destination is wrong for trailer RDWY-131801   expected [09-15-16 04:04 CDT] but found [09-15-16 02:04 CDT],
	 Destination is wrong for trailer RDWY-904347   expected [09-15-16 11:06 CDT] but found [09-15-16 21:06 CDT],
	 Destination is wrong for trailer RDWY-278899   expected [09-15-16 03:44 CDT] but found [09-15-16 01:44 CDT],
	 Destination is wrong for trailer RDWY-251252   expected [09-14-16 21:46 CDT] but found [09-15-16 07:46 CDT],
	 Destination is wrong for trailer RDWY-127477   expected [09-15-16 01:04 CDT] but found [09-14-16 23:04 CDT],
	 Destination is wrong for trailer RDWY-202168   expected [09-15-16 08:35 CDT] but found [09-15-16 06:35 CDT],
	 Destination is wrong for trailer RDWY-560067   expected [09-14-16 23:37 CDT] but found [09-15-16 09:37 CDT],
	 Destination is wrong for trailer RDWY-117315   expected [09-15-16 06:39 CDT] but found [09-15-16 04:39 CDT],
	 Destination is wrong for trailer RDWY-290873   expected [09-15-16 10:30 CDT] but found [09-15-16 08:30 CDT],
	 Destination is wrong for trailer RDWY-126051   expected [09-15-16 04:19 CDT] but found [09-15-16 02:19 CDT],
	 Destination is wrong for trailer RDWY-127078   expected [09-15-16 04:10 CDT] but found [09-15-16 02:10 CDT],
	 Destination is wrong for trailer RDWY-202213   expected [09-15-16 02:43 CDT] but found [09-15-16 00:43 CDT],
	 Destination is wrong for trailer RDWY-129858   expected [09-14-16 23:00 CDT] but found [09-14-16 21:00 CDT],
	 Destination is wrong for trailer RDWY-211170   expected [09-14-16 23:01 CDT] but found [09-14-16 21:01 CDT],
	 Destination is wrong for trailer RDWY-126093   expected [09-15-16 01:28 CDT] but found [09-14-16 23:28 CDT],
	 Destination is wrong for trailer RDWY-134051   expected [09-15-16 03:47 CDT] but found [09-15-16 01:47 CDT],
	 Destination is wrong for trailer RDWY-211051   expected [09-15-16 01:28 CDT] but found [09-14-16 23:28 CDT],
	 Destination is wrong for trailer RDWY-558658   expected [09-15-16 08:26 EDT] but found [09-15-16 20:26 EDT],
	 Destination is wrong for trailer RDWY-133896   expected [09-15-16 11:18 CDT] but found [09-15-16 09:18 CDT],
	 Destination is wrong for trailer RDWY-251439   expected [09-15-16 11:12 CDT] but found [09-15-16 21:12 CDT],
	 Destination is wrong for trailer RDWY-134551   expected [09-15-16 04:33 CDT] but found [09-15-16 02:33 CDT],
	 Destination is wrong for trailer RDWY-128061   expected [09-15-16 08:07 CDT] but found [09-15-16 06:07 CDT],
	 Destination is wrong for trailer RDWY-531042   expected [09-15-16 07:42 CDT] but found [09-15-16 17:42 CDT],
	 Destination is wrong for trailer RDWY-124611   expected [09-15-16 11:27 CDT] but found [09-15-16 09:27 CDT],
	 Destination is wrong for trailer RDWY-430950   expected [09-15-16 06:24 CDT] but found [09-15-16 16:24 CDT],
	 Destination is wrong for trailer RDWY-430806   expected [09-14-16 21:11 CDT] but found [09-15-16 21:33 CDT],
	 Destination is wrong for trailer RDWY-128733   expected [09-15-16 09:21 CDT] but found [09-15-16 09:48 CDT],
	 Destination is wrong for trailer RDWY-252129   expected [09-15-16 08:00 CDT] but found [09-15-16 18:00 CDT],
	 Destination is wrong for trailer RDWY-281341   expected [09-15-16 02:21 CDT] but found [09-15-16 00:21 CDT],
	 Destination is wrong for trailer RDWY-127517   expected [09-15-16 10:15 CDT] but found [09-15-16 08:15 CDT],
	 Destination is wrong for trailer RDWY-261390   expected [09-15-16 07:45 CDT] but found [09-15-16 05:45 CDT],
	 Destination is wrong for trailer WENP-44477   expected [09-15-16 00:58 CDT] but found [09-15-16 10:58 CDT],
	 Destination is wrong for trailer ENGC-18243   expected [09-15-16 11:00 CDT] but found [09-15-16 21:00 CDT],
	 Destination is wrong for trailer RDWY-116980   expected [09-14-16 08:52 CDT] but found [09-14-16 06:52 CDT],
	 Destination is wrong for trailer RDWY-135216   expected [09-15-16 09:07 CDT] but found [09-15-16 07:07 CDT],
	 Destination is wrong for trailer RDWY-211113   expected [09-15-16 07:31 CDT] but found [09-15-16 05:31 CDT],
	 Destination is wrong for trailer RDWY-131622   expected [09-15-16 01:29 CDT] but found [09-14-16 23:29 CDT],
	 Destination is wrong for trailer RDWY-290192   expected [09-14-16 21:48 CDT] but found [09-14-16 19:48 CDT],
	 Destination is wrong for trailer RDWY-530381   expected [09-15-16 05:54 CDT] but found [09-15-16 15:54 CDT],
	 Destination is wrong for trailer RDWY-134602   expected [09-14-16 18:35 CDT] but found [09-14-16 16:35 CDT],
	 Destination is wrong for trailer RDWY-130896   expected [09-14-16 14:21 CDT] but found [09-14-16 12:21 CDT],
	 Destination is wrong for trailer RDWY-211499   expected [09-14-16 18:58 CDT] but found [09-14-16 16:58 CDT],
	 Destination is wrong for trailer RDWY-122470   expected [09-15-16 06:58 CDT] but found [09-15-16 09:57 CDT],
	 Destination is wrong for trailer RDWY-128438   expected [09-15-16 01:19 CDT] but found [09-15-16 09:34 CDT],
	 Destination is wrong for trailer RDWY-134705   expected [09-14-16 23:40 CDT] but found [09-14-16 21:40 CDT],
	 Destination is wrong for trailer RDWY-134905   expected [09-14-16 19:33 CDT] but found [09-14-16 17:33 CDT],
	 Destination is wrong for trailer RDWY-128713   expected [09-15-16 03:31 CDT] but found [09-15-16 09:32 CDT],
	 Destination is wrong for trailer RDWY-560047   expected [09-15-16 08:28 CDT] but found [09-15-16 18:28 CDT],
	 Destination is wrong for trailer RDWY-118848   expected [09-15-16 10:45 CDT] but found [09-15-16 08:45 CDT],
	 Destination is wrong for trailer RDWY-134592   expected [09-15-16 11:15 CDT] but found [09-15-16 09:15 CDT],
	 Destination is wrong for trailer RDWY-125090   expected [09-15-16 01:02 CDT] but found [09-14-16 23:02 CDT],
	 Destination is wrong for trailer RDWY-129625   expected [09-15-16 02:39 CDT] but found [09-15-16 00:39 CDT],
	 Destination is wrong for trailer RDWY-279897   expected [09-15-16 09:51 CDT] but found [09-15-16 07:51 CDT],
	 Destination is wrong for trailer RDWY-123656   expected [09-15-16 06:11 CDT] but found [09-15-16 04:11 CDT],
	 Destination is wrong for trailer RDWY-291195   expected [09-15-16 08:08 CDT] but found [09-15-16 06:08 CDT],
	 Destination is wrong for trailer RDWY-118556   expected [09-15-16 06:05 CDT] but found [09-15-16 04:05 CDT],
	 Destination is wrong for trailer RDWY-123769   expected [09-14-16 11:35 CDT] but found [09-14-16 09:35 CDT],
	 Destination is wrong for trailer RDWY-125774   expected [09-15-16 08:32 CDT] but found [09-15-16 06:32 CDT],
	 Destination is wrong for trailer RDWY-119828   expected [09-15-16 11:19 CDT] but found [09-15-16 09:19 CDT],
	 Destination is wrong for trailer RDWY-125849   expected [09-15-16 10:54 CDT] but found [09-15-16 08:54 CDT],
	 Destination is wrong for trailer RDWY-131008   expected [09-15-16 06:47 CDT] but found [09-15-16 04:47 CDT],
	 Destination is wrong for trailer RDWY-126531   expected [09-15-16 07:00 CDT] but found [09-15-16 05:00 CDT],
	 Destination is wrong for trailer RDWY-127243   expected [09-14-16 20:35 CDT] but found [09-15-16 09:41 CDT],
	 Destination is wrong for trailer RDWY-127110   expected [09-15-16 00:40 CDT] but found [09-14-16 22:40 CDT],
	 Destination is wrong for trailer RDWY-211613   expected [09-14-16 19:17 CDT] but found [09-14-16 17:17 CDT],
	 Destination is wrong for trailer RDWY-211255   expected [09-15-16 00:10 CDT] but found [09-14-16 22:10 CDT],
	 Destination is wrong for trailer RDWY-530391   expected [09-14-16 20:04 CDT] but found [09-15-16 06:04 CDT],
	 Destination is wrong for trailer RDWY-131317   expected [09-14-16 23:27 CDT] but found [09-14-16 21:27 CDT],
	 Destination is wrong for trailer EMHU-634475   expected [09-15-16 09:02 EDT] but found [09-15-16 21:02 EDT],
	 Destination is wrong for trailer RDWY-559226   expected [09-15-16 07:59 EDT] but found [09-15-16 19:59 EDT],
	 Destination is wrong for trailer RDWY-135029   expected [09-14-16 10:45 EDT] but found [09-15-16 10:37 EDT],
	 Destination is wrong for trailer RDWY-121146   expected [09-15-16 02:16 EDT] but found [09-15-16 10:48 EDT],
	 Destination is wrong for trailer RDWY-122761   expected [09-11-16 17:51 EDT] but found [09-15-16 10:50 EDT],
	 Destination is wrong for trailer MCPR-20309   expected [09-14-16 22:40 CDT] but found [09-15-16 08:40 CDT],
	 Destination is wrong for trailer RDWY-132397   expected [09-15-16 04:25 CDT] but found [09-15-16 09:35 CDT],
	 Destination is wrong for trailer RDWY-126357   expected [09-15-16 07:48 CDT] but found [09-15-16 05:48 CDT],
	 Destination is wrong for trailer RDWY-117127   expected [09-15-16 11:28 CDT] but found [09-15-16 09:28 CDT],
	 Destination is wrong for trailer RDWY-122168   expected [09-15-16 10:53 CDT] but found [09-15-16 08:53 CDT],
	 Destination is wrong for trailer RDWY-126712   expected [09-15-16 10:49 CDT] but found [09-15-16 08:49 CDT],
	 Destination is wrong for trailer RDWY-281393   expected [09-15-16 11:11 CDT] but found [09-15-16 09:11 CDT],
	 Destination is wrong for trailer RDWY-202304   expected [09-15-16 11:17 CDT] but found [09-15-16 09:17 CDT],
	 Destination is wrong for trailer RDWY-122393   expected [09-15-16 02:17 CDT] but found [09-15-16 09:31 CDT],
	 Destination is wrong for trailer RDWY-123689   expected [09-15-16 10:38 CDT] but found [09-15-16 08:38 CDT],
	 Destination is wrong for trailer RDWY-211583   expected [09-15-16 11:27 CDT] but found [09-15-16 09:27 CDT],
	 Destination is wrong for trailer RDWY-127654   expected [09-15-16 06:30 CDT] but found [09-15-16 04:30 CDT],
	 Destination is wrong for trailer PAMT-113223   expected [09-14-16 23:28 CDT] but found [09-15-16 09:28 CDT],
	 Destination is wrong for trailer RDWY-121142   expected [09-15-16 05:25 CDT] but found [09-15-16 03:25 CDT],
	 Destination is wrong for trailer RDWY-290203   expected [09-15-16 05:25 CDT] but found [09-15-16 03:25 CDT],
	 Destination is wrong for trailer RDWY-130689   expected [09-15-16 08:26 CDT] but found [09-15-16 06:26 CDT],
	 Destination is wrong for trailer RDWY-129739   expected [09-13-16 20:57 CDT] but found [09-15-16 10:00 CDT],
	 Destination is wrong for trailer RDWY-129674   expected [09-15-16 11:21 CDT] but found [09-15-16 09:21 CDT],
	 Destination is wrong for trailer MCPR-20464   expected [09-15-16 07:58 CDT] but found [09-15-16 17:58 CDT],
	 Destination is wrong for trailer RDWY-130859   expected [09-15-16 06:19 CDT] but found [09-15-16 04:19 CDT],
	 Destination is wrong for trailer RDWY-117140   expected [09-15-16 08:26 CDT] but found [09-15-16 06:26 CDT],
	 Destination is wrong for trailer RDWY-291029   expected [09-15-16 06:38 CDT] but found [09-15-16 04:38 CDT],
	 Destination is wrong for trailer RDWY-290683   expected [09-15-16 06:20 CDT] but found [09-15-16 04:20 CDT],
	 Destination is wrong for trailer RDWY-129949   expected [09-15-16 10:59 CDT] but found [09-15-16 08:59 CDT],
	 Destination is wrong for trailer RDWY-202484   expected [09-15-16 06:25 CDT] but found [09-15-16 04:25 CDT],
	 Destination is wrong for trailer RDWY-261118   expected [09-15-16 10:51 CDT] but found [09-15-16 08:51 CDT],
	 Destination is wrong for trailer RDWY-122536   expected [09-15-16 06:30 CDT] but found [09-15-16 04:30 CDT],
	 Destination is wrong for trailer RDWY-123122   expected [09-15-16 11:01 CDT] but found [09-15-16 09:01 CDT],
	 Destination is wrong for trailer RDWY-118003   expected [09-15-16 06:29 CDT] but found [09-15-16 04:29 CDT],
	 Destination is wrong for trailer RDWY-280695   expected [09-14-16 13:03 CDT] but found [09-15-16 10:00 CDT],
	 Destination is wrong for trailer RDWY-121688   expected [09-15-16 09:18 CDT] but found [09-15-16 07:18 CDT],
	 Destination is wrong for trailer RDWY-125708   expected [09-15-16 04:00 CDT] but found [09-15-16 02:00 CDT],
	 Destination is wrong for trailer RDWY-279363   expected [09-15-16 03:57 CDT] but found [09-15-16 01:57 CDT],
	 Destination is wrong for trailer RDWY-130862   expected [09-15-16 07:48 CDT] but found [09-15-16 05:48 CDT],
	 Destination is wrong for trailer RDWY-126850   expected [09-15-16 05:28 CDT] but found [09-15-16 03:28 CDT],
	 Destination is wrong for trailer RDWY-130690   expected [09-15-16 02:05 CDT] but found [09-15-16 00:05 CDT],
	 Destination is wrong for trailer RDWY-124216   expected [09-15-16 04:29 CDT] but found [09-15-16 02:29 CDT],
	 Destination is wrong for trailer RDWY-132912   expected [09-15-16 03:23 CDT] but found [09-15-16 01:23 CDT],
	 Destination is wrong for trailer RDWY-126855   expected [09-15-16 04:33 CDT] but found [09-15-16 09:42 CDT],
	 Destination is wrong for trailer RDWY-130890   expected [09-15-16 10:05 CDT] but found [09-15-16 08:05 CDT],
	 Destination is wrong for trailer RDWY-133432   expected [09-15-16 07:46 CDT] but found [09-15-16 09:38 CDT],
	 Destination is wrong for trailer RDWY-131432   expected [09-15-16 05:58 CDT] but found [09-15-16 03:58 CDT],
	 Destination is wrong for trailer RDWY-126220   expected [09-15-16 01:48 CDT] but found [09-14-16 23:48 CDT],
	 Destination is wrong for trailer RDWY-559337   expected [09-15-16 11:03 CDT] but found [09-15-16 21:03 CDT],
	 Destination is wrong for trailer RDWY-134710   expected [09-15-16 10:02 CDT] but found [09-15-16 08:02 CDT],
	 Destination is wrong for trailer RDWY-45544   expected [09-15-16 11:27 CDT] but found [09-15-16 09:27 CDT],
	 Destination is wrong for trailer RDWY-202453   expected [09-15-16 09:47 CDT] but found [09-15-16 07:47 CDT],
	 Destination is wrong for trailer RDWY-133137   expected [09-15-16 07:58 CDT] but found [09-15-16 09:45 CDT],
	 Destination is wrong for trailer RDWY-127481   expected [09-15-16 08:47 CDT] but found [09-15-16 06:47 CDT],
	 Destination is wrong for trailer RDWY-116984   expected [09-15-16 11:25 CDT] but found [09-15-16 09:25 CDT],
	 Destination is wrong for trailer RDWY-128011   expected [09-15-16 09:19 CDT] but found [09-15-16 07:19 CDT],
	 Destination is wrong for trailer RDWY-119476   expected [09-15-16 09:20 CDT] but found [09-15-16 07:20 CDT],
	 Destination is wrong for trailer RDWY-119482   expected [09-15-16 10:08 CDT] but found [09-15-16 08:08 CDT],
	 Destination is wrong for trailer RDWY-127114   expected [09-15-16 08:52 CDT] but found [09-15-16 06:52 CDT],
	 Destination is wrong for trailer RDWY-202525   expected [09-14-16 20:37 CDT] but found [09-14-16 18:37 CDT],
	 Destination is wrong for trailer RDWY-133296   expected [09-14-16 23:06 CDT] but found [09-14-16 21:06 CDT],
	 Destination is wrong for trailer RDWY-131619   expected [09-14-16 21:09 CDT] but found [09-14-16 19:09 CDT],
	 Destination is wrong for trailer RDWY-131358   expected [09-15-16 01:47 CDT] but found [09-14-16 23:47 CDT],
	 Destination is wrong for trailer RDWY-278482   expected [09-15-16 07:37 CDT] but found [09-15-16 05:37 CDT],
	 Destination is wrong for trailer RDWY-118983   expected [09-15-16 09:27 CDT] but found [09-15-16 07:27 CDT],
	 Destination is wrong for trailer RDWY-560547   expected [09-15-16 09:28 CDT] but found [09-15-16 19:28 CDT],
	 Destination is wrong for trailer PAMT-151215   expected [09-15-16 05:50 CDT] but found [09-15-16 15:50 CDT],
	 Destination is wrong for trailer RDWY-122717   expected [09-15-16 07:53 CDT] but found [09-15-16 05:53 CDT],
	 Destination is wrong for trailer RDWY-261194   expected [09-15-16 10:17 CDT] but found [09-15-16 08:17 CDT],
	 Destination is wrong for trailer RDWY-135256   expected [09-15-16 07:34 CDT] but found [09-15-16 05:34 CDT],
	 Destination is wrong for trailer RDWY-202702   expected [09-15-16 09:30 CDT] but found [09-15-16 07:30 CDT],
	 Destination is wrong for trailer RDWY-133175   expected [09-15-16 09:39 CDT] but found [09-15-16 07:39 CDT],
	 Destination is wrong for trailer RDWY-290076   expected [09-15-16 09:35 CDT] but found [09-15-16 07:35 CDT],
	 Destination is wrong for trailer RDWY-119077   expected [09-15-16 07:58 CDT] but found [09-15-16 05:58 CDT],
	 Destination is wrong for trailer RDWY-431068   expected [09-15-16 11:28 CDT] but found [09-15-16 21:28 CDT],
	 Destination is wrong for trailer RDWY-130925   expected [09-15-16 08:45 CDT] but found [09-15-16 06:45 CDT],
	 Destination is wrong for trailer RDWY-119784   expected [09-15-16 05:35 CDT] but found [09-15-16 03:35 CDT],
	 Destination is wrong for trailer RDWY-133105   expected [09-15-16 10:40 CDT] but found [09-15-16 08:40 CDT],
	 Destination is wrong for trailer RDWY-129533   expected [09-14-16 17:47 CDT] but found [09-14-16 15:47 CDT],
	 Destination is wrong for trailer RDWY-134425   expected [09-15-16 04:57 CDT] but found [09-15-16 02:57 CDT],
	 Destination is wrong for trailer PAMT-130366   expected [09-14-16 13:20 CDT] but found [09-14-16 23:20 CDT],
	 Destination is wrong for trailer RDWY-127900   expected [09-15-16 03:23 CDT] but found [09-15-16 09:36 CDT],
	 Destination is wrong for trailer RDWY-122264   expected [09-14-16 23:45 CDT] but found [09-15-16 09:41 CDT],
	 Destination is wrong for trailer RDWY-128649   expected [09-15-16 10:56 CDT] but found [09-15-16 08:56 CDT],
	 Destination is wrong for trailer ENGC-20559   expected [09-15-16 04:42 CDT] but found [09-15-16 14:42 CDT],
	 Destination is wrong for trailer RDWY-118358   expected [09-15-16 08:46 CDT] but found [09-15-16 06:46 CDT],
	 Destination is wrong for trailer KNIG-69093   expected [09-15-16 09:41 CDT] but found [09-15-16 19:41 CDT],
	 Destination is wrong for trailer RDWY-290016   expected [09-15-16 09:27 CDT] but found [09-15-16 07:27 CDT],
	 Destination is wrong for trailer RDWY-131543   expected [09-15-16 01:52 CDT] but found [09-14-16 23:52 CDT],
	 Destination is wrong for trailer RDWY-132834   expected [09-15-16 04:57 CDT] but found [09-15-16 02:57 CDT],
	 Destination is wrong for trailer RDWY-559158   expected [09-15-16 04:38 CDT] but found [09-15-16 14:38 CDT],
	 Destination is wrong for trailer RDWY-249347   expected [09-14-16 23:30 CDT] but found [09-14-16 21:30 CDT],
	 Destination is wrong for trailer RDWY-128086   expected [09-15-16 04:47 CDT] but found [09-15-16 02:47 CDT],
	 Destination is wrong for trailer RDWY-560057   expected [09-14-16 19:01 CDT] but found [09-15-16 05:01 CDT],
	 Destination is wrong for trailer RDWY-122687   expected [09-15-16 04:04 CDT] but found [09-15-16 02:04 CDT],
	 Destination is wrong for trailer RDWY-202017   expected [09-14-16 16:26 CDT] but found [09-14-16 14:26 CDT],
	 Destination is wrong for trailer RDWY-126239   expected [09-14-16 20:01 CDT] but found [09-14-16 18:01 CDT],
	 Destination is wrong for trailer RDWY-134934   expected [09-15-16 02:02 CDT] but found [09-15-16 00:02 CDT],
	 Destination is wrong for trailer RDWY-290319   expected [09-14-16 21:33 CDT] but found [09-14-16 19:33 CDT],
	 Destination is wrong for trailer RDWY-131883   expected [09-15-16 05:00 CDT] but found [09-15-16 03:00 CDT],
	 Destination is wrong for trailer RDWY-201145   expected [09-15-16 01:57 CDT] but found [09-14-16 23:57 CDT],
	 Destination is wrong for trailer RDWY-126561   expected [09-15-16 00:53 CDT] but found [09-14-16 22:53 CDT],
	 Destination is wrong for trailer RDWY-125737   expected [09-15-16 11:20 CDT] but found [09-15-16 09:20 CDT],
	 Destination is wrong for trailer RDWY-276135   expected [09-15-16 09:44 CDT] but found [09-15-16 07:44 CDT],
	 Destination is wrong for trailer RDWY-127790   expected [09-14-16 18:55 CDT] but found [09-14-16 16:55 CDT],
	 Destination is wrong for trailer RDWY-133056   expected [09-14-16 18:58 CDT] but found [09-14-16 16:58 CDT],
	 Destination is wrong for trailer RDWY-276930   expected [09-14-16 20:13 CDT] but found [09-14-16 18:13 CDT],
	 Destination is wrong for trailer RDWY-131458   expected [09-15-16 09:36 CDT] but found [09-15-16 07:36 CDT],
	 Destination is wrong for trailer RDWY-558510   expected [09-15-16 03:39 CDT] but found [09-15-16 13:39 CDT],
	 Destination is wrong for trailer RDWY-280476   expected [09-14-16 23:38 CDT] but found [09-14-16 21:38 CDT],
	 Destination is wrong for trailer RDWY-121881   expected [09-14-16 21:04 CDT] but found [09-14-16 19:04 CDT],
	 Destination is wrong for trailer RDWY-131004   expected [09-15-16 02:06 CDT] but found [09-15-16 00:06 CDT],
	 Destination is wrong for trailer RDWY-211665   expected [09-14-16 21:32 CDT] but found [09-14-16 19:32 CDT],
	 Destination is wrong for trailer RDWY-130526   expected [09-14-16 21:23 CDT] but found [09-14-16 19:23 CDT],
	 Destination is wrong for trailer RDWY-125427   expected [09-15-16 01:44 CDT] but found [09-14-16 23:44 CDT],
	 Destination is wrong for trailer RDWY-125768   expected [09-15-16 10:00 CDT] but found [09-15-16 08:00 CDT],
	 Destination is wrong for trailer RDWY-119210   expected [09-15-16 04:05 CDT] but found [09-15-16 02:05 CDT],
	 Destination is wrong for trailer RDWY-277524   expected [09-15-16 09:11 CDT] but found [09-15-16 07:11 CDT],
	 Destination is wrong for trailer RDWY-132935   expected [09-15-16 04:00 CDT] but found [09-15-16 02:00 CDT],
	 Destination is wrong for trailer RDWY-530599   expected [09-15-16 10:55 CDT] but found [09-15-16 20:55 CDT],
	 Destination is wrong for trailer RDWY-124271   expected [09-15-16 10:29 CDT] but found [09-15-16 08:29 CDT],
	 Destination is wrong for trailer RDWY-125061   expected [09-15-16 05:44 CDT] but found [09-15-16 03:44 CDT],
	 Destination is wrong for trailer RDWY-127478   expected [09-15-16 06:37 CDT] but found [09-15-16 04:37 CDT],
	 Destination is wrong for trailer RDWY-211466   expected [09-15-16 08:18 CDT] but found [09-15-16 06:18 CDT],
	 Destination is wrong for trailer RDWY-126071   expected [09-14-16 15:01 CDT] but found [09-15-16 09:55 CDT],
	 Destination is wrong for trailer RDWY-134725   expected [09-15-16 09:43 CDT] but found [09-15-16 09:52 CDT],
	 Destination is wrong for trailer RDWY-561016   expected [09-15-16 11:11 CDT] but found [09-15-16 21:11 CDT],
	 Destination is wrong for trailer RDWY-127597   expected [09-15-16 01:10 CDT] but found [09-14-16 23:10 CDT],
	 Destination is wrong for trailer RDWY-211318   expected [09-14-16 23:52 CDT] but found [09-14-16 21:52 CDT],
	 Destination is wrong for trailer RDWY-123014   expected [09-15-16 02:49 CDT] but found [09-15-16 00:49 CDT],
	 Destination is wrong for trailer RDWY-211695   expected [09-14-16 04:39 PDT] but found [09-13-16 22:39 PDT],
	 Destination is wrong for trailer RDWY-118646   expected [09-14-16 23:48 PDT] but found [09-14-16 17:48 PDT],
	 Destination is wrong for trailer RDWY-249016   expected [09-15-16 04:24 PDT] but found [09-14-16 22:24 PDT],
	 Destination is wrong for trailer RDWY-125707   expected [09-15-16 07:50 PDT] but found [09-15-16 01:50 PDT],
	 Destination is wrong for trailer RDWY-290065   expected [09-15-16 03:48 PDT] but found [09-14-16 21:48 PDT],
	 Destination is wrong for trailer RDWY-290840   expected [09-14-16 19:35 PDT] but found [09-14-16 13:35 PDT],
	 Destination is wrong for trailer RDWY-126105   expected [09-15-16 07:35 PDT] but found [09-15-16 01:35 PDT],
	 Destination is wrong for trailer RDWY-129879   expected [09-15-16 03:26 PDT] but found [09-14-16 21:26 PDT],
	 Destination is wrong for trailer RDWY-261101   expected [09-15-16 02:26 PDT] but found [09-14-16 20:26 PDT],
	 Destination is wrong for trailer RDWY-135525   expected [09-15-16 04:44 PDT] but found [09-14-16 22:44 PDT],
	 Destination is wrong for trailer RDWY-131907   expected [09-15-16 10:36 PDT] but found [09-15-16 04:36 PDT],
	 Destination is wrong for trailer RDWY-530031   expected [09-15-16 10:20 PDT] but found [09-15-16 16:20 PDT],
	 Destination is wrong for trailer RDWY-896980   expected [09-15-16 06:52 PDT] but found [09-15-16 12:52 PDT],
	 Destination is wrong for trailer EMHU-295225   expected [09-15-16 08:04 EDT] but found [09-15-16 20:04 EDT],
	 Destination is wrong for trailer EMHU-637422   expected [09-15-16 03:56 EDT] but found [09-15-16 15:56 EDT],
	 Destination is wrong for trailer RDWY-133737   expected [09-15-16 08:59 EDT] but found [09-15-16 10:53 EDT],
	 Destination is wrong for trailer RDWY-122615   expected [09-14-16 23:19 EDT] but found [09-15-16 10:31 EDT],
	 Destination is wrong for trailer RDWY-119798   expected [09-15-16 04:57 PDT] but found [09-14-16 22:57 PDT],
	 Destination is wrong for trailer RDWY-202521   expected [09-14-16 03:11 PDT] but found [09-13-16 21:11 PDT],
	 Destination is wrong for trailer RDWY-127148   expected [09-15-16 06:55 PDT] but found [09-15-16 00:55 PDT],
	 Destination is wrong for trailer RDWY-211370   expected [09-15-16 05:55 PDT] but found [09-14-16 23:55 PDT],
	 Destination is wrong for trailer RDWY-131393   expected [09-14-16 13:45 PDT] but found [09-15-16 07:58 PDT],
	 Destination is wrong for trailer RDWY-133647   expected [09-15-16 12:39 PDT] but found [09-15-16 06:39 PDT],
	 Destination is wrong for trailer RDWY-131100   expected [09-15-16 11:32 PDT] but found [09-15-16 05:32 PDT],
	 Destination is wrong for trailer RDWY-131555   expected [09-14-16 20:19 PDT] but found [09-15-16 07:43 PDT],
	 Destination is wrong for trailer RDWY-119565   expected [09-14-16 20:15 PDT] but found [09-14-16 14:15 PDT],
	 Destination is wrong for trailer RDWY-126184   expected [09-14-16 20:55 PDT] but found [09-14-16 14:55 PDT],
	 Destination is wrong for trailer RDWY-134480   expected [09-15-16 06:38 PDT] but found [09-15-16 00:38 PDT],
	 Destination is wrong for trailer RDWY-132350   expected [09-15-16 08:59 PDT] but found [09-15-16 02:59 PDT],
	 Destination is wrong for trailer RDWY-291000   expected [09-15-16 11:47 PDT] but found [09-15-16 05:47 PDT],
	 Destination is wrong for trailer RDWY-278392   expected [09-15-16 04:45 PDT] but found [09-14-16 22:45 PDT],
	 Destination is wrong for trailer RDWY-133273   expected [09-15-16 10:04 PDT] but found [09-15-16 07:49 PDT],
	 Destination is wrong for trailer RDWY-133967   expected [09-15-16 05:12 PDT] but found [09-14-16 23:12 PDT],
	 Destination is wrong for trailer RDWY-119201   expected [09-15-16 01:28 PDT] but found [09-14-16 19:28 PDT],
	 Destination is wrong for trailer RDWY-124367   expected [09-15-16 05:12 PDT] but found [09-14-16 23:12 PDT],
	 Destination is wrong for trailer RDWY-131809   expected [09-14-16 23:59 PDT] but found [09-14-16 17:59 PDT],
	 Destination is wrong for trailer RDWY-431231   expected [09-15-16 12:00 PDT] but found [09-15-16 18:00 PDT],
	 Destination is wrong for trailer CRST-311577   expected [09-15-16 11:27 PDT] but found [09-15-16 17:27 PDT],
	 Destination is wrong for trailer RDWY-279255   expected [09-15-16 07:21 PDT] but found [09-15-16 01:21 PDT],
	 Destination is wrong for trailer RDWY-124155   expected [09-15-16 13:08 PDT] but found [09-15-16 07:08 PDT],
	 Destination is wrong for trailer RDWY-125234   expected [09-15-16 11:28 PDT] but found [09-15-16 05:28 PDT],
	 Destination is wrong for trailer RDWY-117912   expected [09-15-16 10:23 PDT] but found [09-15-16 04:23 PDT],
	 Destination is wrong for trailer RDWY-121444   expected [09-15-16 03:19 PDT] but found [09-15-16 07:43 PDT],
	 Destination is wrong for trailer RDWY-129870   expected [09-15-16 09:08 PDT] but found [09-15-16 03:08 PDT],
	 Destination is wrong for trailer RDWY-121672   expected [09-15-16 05:04 PDT] but found [09-14-16 23:04 PDT],
	 Destination is wrong for trailer RDWY-133560   expected [09-15-16 04:27 PDT] but found [09-14-16 22:27 PDT],
	 Destination is wrong for trailer RDWY-124045   expected [09-15-16 10:12 PDT] but found [09-15-16 04:12 PDT],
	 Destination is wrong for trailer RDWY-530669   expected [09-15-16 06:45 PDT] but found [09-15-16 12:45 PDT],
	 Destination is wrong for trailer RDWY-122337   expected [09-15-16 06:38 PDT] but found [09-15-16 00:38 PDT],
	 Destination is wrong for trailer RDWY-132032   expected [09-14-16 22:59 PDT] but found [09-14-16 16:59 PDT],
	 Destination is wrong for trailer RDWY-135074   expected [09-15-16 10:31 PDT] but found [09-15-16 04:31 PDT],
	 Destination is wrong for trailer RDWY-290374   expected [09-15-16 05:07 PDT] but found [09-14-16 23:07 PDT],
	 Destination is wrong for trailer RDWY-117175   expected [09-15-16 07:27 PDT] but found [09-15-16 01:27 PDT],
	 Destination is wrong for trailer RDWY-131471   expected [09-15-16 11:57 PDT] but found [09-15-16 05:57 PDT],
	 Destination is wrong for trailer RDWY-134830   expected [09-15-16 12:56 PDT] but found [09-15-16 06:56 PDT],
	 Destination is wrong for trailer RDWY-133406   expected [09-15-16 08:34 PDT] but found [09-15-16 02:34 PDT],
	 Destination is wrong for trailer RDWY-531079   expected [09-15-16 13:09 PDT] but found [09-15-16 19:09 PDT],
	 Destination is wrong for trailer RDWY-126990   expected [09-15-16 05:15 PDT] but found [09-14-16 23:15 PDT],
	 Destination is wrong for trailer RDWY-558388   expected [09-15-16 11:30 PDT] but found [09-15-16 19:51 PDT],
	 Destination is wrong for trailer RDWY-41505   expected [09-15-16 11:56 PDT] but found [09-15-16 05:56 PDT],
	 Destination is wrong for trailer RDWY-133093   expected [09-15-16 01:28 PDT] but found [09-14-16 19:28 PDT],
	 Destination is wrong for trailer RDWY-118259   expected [09-15-16 12:07 PDT] but found [09-15-16 06:07 PDT],
	 Destination is wrong for trailer RDWY-560340   expected [09-15-16 08:20 PDT] but found [09-15-16 14:20 PDT],
	 Destination is wrong for trailer RDWY-249386   expected [09-15-16 12:05 PDT] but found [09-15-16 06:05 PDT],
	 Destination is wrong for trailer RDWY-133063   expected [09-15-16 12:11 PDT] but found [09-15-16 06:11 PDT],
	 Destination is wrong for trailer RDWY-118325   expected [09-15-16 06:08 PDT] but found [09-15-16 00:08 PDT],
	 Destination is wrong for trailer RDWY-118674   expected [09-15-16 12:31 PDT] but found [09-15-16 06:31 PDT],
	 Destination is wrong for trailer RDWY-123056   expected [09-15-16 11:42 PDT] but found [09-15-16 05:42 PDT],
	 Destination is wrong for trailer RDWY-280977   expected [09-15-16 11:49 PDT] but found [09-15-16 05:49 PDT],
	 Destination is wrong for trailer RDWY-126718   expected [09-15-16 11:47 PDT] but found [09-15-16 05:47 PDT],
	 Destination is wrong for trailer RDWY-131368   expected [09-15-16 11:50 PDT] but found [09-15-16 05:50 PDT],
	 Destination is wrong for trailer RDWY-291248   expected [09-15-16 12:22 PDT] but found [09-15-16 06:22 PDT],
	 Destination is wrong for trailer RDWY-132545   expected [09-15-16 06:39 PDT] but found [09-15-16 00:39 PDT],
	 Destination is wrong for trailer RDWY-123291   expected [09-15-16 05:46 PDT] but found [09-14-16 23:46 PDT],
	 Destination is wrong for trailer RDWY-133605   expected [09-15-16 03:29 PDT] but found [09-14-16 21:29 PDT],
	 Destination is wrong for trailer RDWY-131846   expected [09-15-16 09:08 PDT] but found [09-15-16 03:08 PDT],
	 Destination is wrong for trailer RDWY-134462   expected [09-15-16 11:20 PDT] but found [09-15-16 05:20 PDT],
	 Destination is wrong for trailer RDWY-124226   expected [09-15-16 11:58 PDT] but found [09-15-16 05:58 PDT],
	 Destination is wrong for trailer RDWY-559313   expected [09-15-16 13:01 PDT] but found [09-15-16 19:01 PDT],
	 Destination is wrong for trailer RDWY-130762   expected [09-15-16 06:34 PDT] but found [09-15-16 00:34 PDT],
	 Destination is wrong for trailer RDWY-134422   expected [09-14-16 10:17 MST] but found [09-14-16 06:17 MST],
	 Destination is wrong for trailer RDWY-291137   expected [09-14-16 11:38 MST] but found [09-14-16 07:38 MST],
	 Destination is wrong for trailer RDWY-131504   expected [09-15-16 11:30 MST] but found [09-15-16 07:30 MST],
	 Destination is wrong for trailer RDWY-128058   expected [09-14-16 22:23 MST] but found [09-14-16 18:23 MST],
	 Destination is wrong for trailer RDWY-132046   expected [09-15-16 10:29 MST] but found [09-15-16 06:29 MST],
	 Destination is wrong for trailer RDWY-135447   expected [09-14-16 23:50 MST] but found [09-14-16 19:50 MST],
	 Destination is wrong for trailer RDWY-134508   expected [09-15-16 08:17 MST] but found [09-15-16 04:17 MST],
	 Destination is wrong for trailer RDWY-251193   expected [09-15-16 03:25 MST] but found [09-15-16 11:25 MST],
	 Destination is wrong for trailer RDWY-133842   expected [09-15-16 08:04 MST] but found [09-15-16 04:04 MST],
	 Destination is wrong for trailer RDWY-211214   expected [09-15-16 01:35 MST] but found [09-14-16 21:35 MST],
	 Destination is wrong for trailer RDWY-275883   expected [09-15-16 04:40 MST] but found [09-15-16 00:40 MST],
	 Destination is wrong for trailer RDWY-126149   expected [09-14-16 22:41 MST] but found [09-14-16 18:41 MST],
	 Destination is wrong for trailer RDWY-127061   expected [09-14-16 19:45 MST] but found [09-14-16 15:45 MST],
	 Destination is wrong for trailer RDWY-134020   expected [09-14-16 10:31 MST] but found [09-14-16 06:31 MST],
	 Destination is wrong for trailer RDWY-126480   expected [09-14-16 23:03 MST] but found [09-14-16 19:03 MST],
	 Destination is wrong for trailer RDWY-129653   expected [09-15-16 03:16 MST] but found [09-14-16 23:16 MST],
	 Destination is wrong for trailer RDWY-133895   expected [09-15-16 02:07 MST] but found [09-14-16 22:07 MST],
	 Destination is wrong for trailer RDWY-131960   expected [09-15-16 03:37 MST] but found [09-14-16 23:37 MST],
	 Destination is wrong for trailer RDWY-130519   expected [09-15-16 11:23 MST] but found [09-15-16 07:23 MST],
	 Destination is wrong for trailer RDWY-135228   expected [09-14-16 23:34 MST] but found [09-14-16 19:34 MST],
	 Destination is wrong for trailer RDWY-128772   expected [09-15-16 03:50 MST] but found [09-14-16 23:50 MST],
	 Destination is wrong for trailer RDWY-128039   expected [09-15-16 03:49 MST] but found [09-14-16 23:49 MST],
	 Destination is wrong for trailer RDWY-249068   expected [09-15-16 06:32 PDT] but found [09-15-16 00:32 PDT],
	 Destination is wrong for trailer RDWY-249196   expected [09-15-16 07:46 PDT] but found [09-15-16 01:46 PDT],
	 Destination is wrong for trailer RDWY-249128   expected [09-15-16 06:37 PDT] but found [09-15-16 00:37 PDT],
	 Destination is wrong for trailer RDWY-290793   expected [09-15-16 11:21 PDT] but found [09-15-16 05:21 PDT],
	 Destination is wrong for trailer RDWY-124399   expected [09-15-16 04:51 PDT] but found [09-14-16 22:51 PDT],
	 Destination is wrong for trailer RDWY-126887   expected [09-15-16 09:26 PDT] but found [09-15-16 03:26 PDT],
	 Destination is wrong for trailer RDWY-125864   expected [09-15-16 10:22 PDT] but found [09-15-16 04:22 PDT],
	 Destination is wrong for trailer RDWY-132476   expected [09-15-16 11:36 PDT] but found [09-15-16 05:36 PDT],
	 Destination is wrong for trailer RDWY-125539   expected [09-15-16 00:58 PDT] but found [09-14-16 18:58 PDT],
	 Destination is wrong for trailer RDWY-290007   expected [09-15-16 07:14 PDT] but found [09-15-16 01:14 PDT],
	 Destination is wrong for trailer RDWY-129830   expected [09-15-16 10:16 PDT] but found [09-15-16 04:16 PDT],
	 Destination is wrong for trailer RDWY-133495   expected [09-15-16 09:38 PDT] but found [09-15-16 03:38 PDT],
	 Destination is wrong for trailer RDWY-261265   expected [09-15-16 08:26 PDT] but found [09-15-16 02:26 PDT],
	 Destination is wrong for trailer RDWY-127378   expected [09-15-16 05:46 PDT] but found [09-14-16 23:46 PDT],
	 Destination is wrong for trailer RDWY-124179   expected [09-15-16 08:52 PDT] but found [09-15-16 02:52 PDT],
	 Destination is wrong for trailer RDWY-129860   expected [09-15-16 02:48 PDT] but found [09-14-16 20:48 PDT],
	 Destination is wrong for trailer RDWY-280969   expected [09-15-16 07:22 PDT] but found [09-15-16 01:22 PDT],
	 Destination is wrong for trailer RDWY-129276   expected [09-15-16 13:07 PDT] but found [09-15-16 07:07 PDT],
	 Destination is wrong for trailer RDWY-291226   expected [09-15-16 01:34 PDT] but found [09-14-16 19:34 PDT],
	 Destination is wrong for trailer RDWY-560690   expected [09-13-16 08:53 PDT] but found [09-15-16 19:33 PDT],
	 Destination is wrong for trailer RDWY-135069   expected [09-15-16 02:24 PDT] but found [09-14-16 20:24 PDT],
	 Destination is wrong for trailer RDWY-130533   expected [09-15-16 12:44 PDT] but found [09-15-16 06:44 PDT],
	 Destination is wrong for trailer RDWY-133681   expected [09-15-16 07:28 PDT] but found [09-15-16 01:28 PDT],
	 Destination is wrong for trailer RDWY-131313   expected [09-15-16 05:29 PDT] but found [09-14-16 23:29 PDT],
	 Destination is wrong for trailer RDWY-132528   expected [09-15-16 01:05 PDT] but found [09-14-16 19:05 PDT],
	 Destination is wrong for trailer RDWY-134140   expected [09-15-16 04:06 PDT] but found [09-14-16 22:06 PDT],
	 Destination is wrong for trailer RDWY-125049   expected [09-15-16 05:14 PDT] but found [09-14-16 23:14 PDT],
	 Destination is wrong for trailer RDWY-211580   expected [09-15-16 10:26 MDT] but found [09-15-16 06:26 MDT],
	 Destination is wrong for trailer RDWY-126368   expected [09-15-16 02:55 MDT] but found [09-14-16 22:55 MDT],
	 Destination is wrong for trailer RDWY-122059   expected [09-15-16 02:37 MDT] but found [09-14-16 22:37 MDT],
	 Destination is wrong for trailer RDWY-130620   expected [09-15-16 08:12 MDT] but found [09-15-16 04:12 MDT],
	 Destination is wrong for trailer RDWY-127611   expected [09-15-16 05:33 MDT] but found [09-15-16 01:33 MDT],
	 Destination is wrong for trailer RDWY-134064   expected [09-15-16 10:41 MDT] but found [09-15-16 06:41 MDT],
	 Destination is wrong for trailer RDWY-126069   expected [09-15-16 02:39 MDT] but found [09-14-16 22:39 MDT],
	 Destination is wrong for trailer RDWY-134392   expected [09-15-16 02:45 MDT] but found [09-14-16 22:45 MDT],
	 Destination is wrong for trailer RDWY-124064   expected [09-15-16 08:05 MDT] but found [09-15-16 04:05 MDT],
	 Destination is wrong for trailer RDWY-130462   expected [09-15-16 08:37 MDT] but found [09-15-16 04:37 MDT],
	 Destination is wrong for trailer RDWY-202651   expected [09-15-16 11:47 MDT] but found [09-15-16 07:47 MDT],
	 Destination is wrong for trailer RDWY-202361   expected [09-15-16 11:40 MDT] but found [09-15-16 07:40 MDT],
	 Destination is wrong for trailer RDWY-135085   expected [09-15-16 11:39 MDT] but found [09-15-16 07:39 MDT],
	 Destination is wrong for trailer RDWY-129851   expected [09-15-16 11:42 MDT] but found [09-15-16 07:42 MDT],
	 Destination is wrong for trailer RDWY-133419   expected [09-15-16 00:50 MDT] but found [09-14-16 20:50 MDT],
	 Destination is wrong for trailer RDWY-117397   expected [09-14-16 17:16 MDT] but found [09-14-16 13:16 MDT],
	 Destination is wrong for trailer RDWY-129873   expected [09-15-16 12:26 MDT] but found [09-15-16 08:26 MDT],
	 Destination is wrong for trailer RDWY-278297   expected [09-15-16 10:37 MDT] but found [09-15-16 06:37 MDT],
	 Destination is wrong for trailer RDWY-261386   expected [09-15-16 03:55 MDT] but found [09-14-16 23:55 MDT],
	 Destination is wrong for trailer RDWY-211433   expected [09-15-16 11:49 MDT] but found [09-15-16 07:49 MDT],
	 Destination is wrong for trailer RDWY-131226   expected [09-15-16 04:52 MDT] but found [09-15-16 00:52 MDT],
	 Destination is wrong for trailer RDWY-202192   expected [09-15-16 03:19 MDT] but found [09-14-16 23:19 MDT],
	 Destination is wrong for trailer RDWY-128504   expected [09-15-16 00:26 MDT] but found [09-14-16 20:26 MDT],
	 Destination is wrong for trailer RDWY-127312   expected [09-15-16 01:35 MDT] but found [09-14-16 21:35 MDT],
	 Destination is wrong for trailer RDWY-290799   expected [09-15-16 05:18 MDT] but found [09-15-16 01:18 MDT],
	 Destination is wrong for trailer RDWY-310544   expected [09-15-16 08:17 MDT] but found [09-15-16 16:17 MDT],
	 Destination is wrong for trailer RDWY-126863   expected [09-14-16 11:50 MDT] but found [09-14-16 07:50 MDT],
	 Destination is wrong for trailer RDWY-132946   expected [09-14-16 16:50 MDT] but found [09-14-16 12:50 MDT],
	 Destination is wrong for trailer RDWY-134288   expected [09-15-16 11:51 MDT] but found [09-15-16 07:51 MDT],
	 Destination is wrong for trailer RDWY-133747   expected [09-15-16 01:16 PDT] but found [09-14-16 19:16 PDT],
	 Destination is wrong for trailer RDWY-559581   expected [09-13-16 01:00 PDT] but found [09-13-16 07:00 PDT]
	at org.testng.asserts.SoftAssert.assertAll(SoftAssert.java:43)
	at Test.T1.example2(T1.java:138)
	at sun.reflect.NativeMethodAccessorImpl.invoke0(Native Method)
	at sun.reflect.NativeMethodAccessorImpl.invoke(NativeMethodAccessorImpl.java:62)
	at sun.reflect.DelegatingMethodAccessorImpl.invoke(DelegatingMethodAccessorImpl.java:43)
	at java.lang.reflect.Method.invoke(Method.java:498)
	at org.testng.internal.MethodInvocationHelper.invokeMethod(MethodInvocationHelper.java:100)
	at org.testng.internal.Invoker.invokeMethod(Invoker.java:646)
	at org.testng.internal.Invoker.invokeTestMethod(Invoker.java:811)
	at org.testng.internal.Invoker.invokeTestMethods(Invoker.java:1129)
	at org.testng.internal.TestMethodWorker.invokeTestMethods(TestMethodWorker.java:129)
	at org.testng.internal.TestMethodWorker.run(TestMethodWorker.java:112)
	at org.testng.TestRunner.privateRun(TestRunner.java:746)
	at org.testng.TestRunner.run(TestRunner.java:600)
	at org.testng.SuiteRunner.runTest(SuiteRunner.java:366)
	at org.testng.SuiteRunner.runSequentially(SuiteRunner.java:361)
	at org.testng.SuiteRunner.privateRun(SuiteRunner.java:319)
	at org.testng.SuiteRunner.run(SuiteRunner.java:268)
	at org.testng.SuiteRunnerWorker.runSuite(SuiteRunnerWorker.java:52)
	at org.testng.SuiteRunnerWorker.run(SuiteRunnerWorker.java:86)
	at org.testng.TestNG.runSuitesSequentially(TestNG.java:1264)
	at org.testng.TestNG.runSuitesLocally(TestNG.java:1189)
	at org.testng.TestNG.runSuites(TestNG.java:1104)
	at org.testng.TestNG.run(TestNG.java:1076)
	at org.testng.remote.AbstractRemoteTestNG.run(AbstractRemoteTestNG.java:126)
	at org.testng.remote.RemoteTestNG.initAndRun(RemoteTestNG.java:152)
	at org.testng.remote.RemoteTestNG.main(RemoteTestNG.java:57)
]]>
    </failure>
  </testcase> <!-- example2 -->
</testsuite> <!-- Test -->
