<?xml version="1.0" encoding="UTF-8"?>
<testng-results skipped="0" failed="0" total="5" passed="5">
  <reporter-output>
  </reporter-output>
  <suite name="Suite" duration-ms="70036" started-at="2016-09-27T21:02:27Z" finished-at="2016-09-27T21:03:37Z">
    <groups>
    </groups>
    <test name="Test" duration-ms="70036" started-at="2016-09-27T21:02:27Z" finished-at="2016-09-27T21:03:37Z">
      <class name="Test.T1">
        <test-method status="PASS" signature="SetUp(java.lang.String)[pri:0, instance:Test.T1@6537cf78]" name="SetUp" is-config="true" duration-ms="8117" started-at="2016-09-27T21:02:27Z" finished-at="2016-09-27T21:02:35Z">
          <params>
            <param index="0">
              <value>
                <![CDATA[chrome]]>
              </value>
            </param>
          </params>
          <reporter-output>
          </reporter-output>
        </test-method> <!-- SetUp -->
        <test-method status="PASS" signature="example5(java.lang.reflect.Method)[pri:6, instance:Test.T1@6537cf78]" name="example5" duration-ms="61897" started-at="2016-09-27T21:02:35Z" finished-at="2016-09-27T21:03:37Z">
          <params>
            <param index="0">
              <value>
                <![CDATA[public void Test.T1.example5(java.lang.reflect.Method) throws java.sql.SQLException,java.lang.ClassNotFoundException]]>
              </value>
            </param>
          </params>
          <reporter-output>
          </reporter-output>
        </test-method> <!-- example5 -->
      </class> <!-- Test.T1 -->
    </test> <!-- Test -->
  </suite> <!-- Suite -->
  <suite name="Suite (0)" duration-ms="223049" started-at="2016-09-27T21:03:37Z" finished-at="2016-09-27T21:07:20Z">
    <groups>
    </groups>
    <test name="Test" duration-ms="223049" started-at="2016-09-27T21:03:37Z" finished-at="2016-09-27T21:07:20Z">
      <class name="Test.CheckInterRegionalReport">
        <test-method status="PASS" signature="SetUp(java.lang.String)[pri:0, instance:Test.CheckInterRegionalReport@97e1986]" name="SetUp" is-config="true" duration-ms="9643" started-at="2016-09-27T21:03:37Z" finished-at="2016-09-27T21:03:47Z">
          <params>
            <param index="0">
              <value>
                <![CDATA[chrome]]>
              </value>
            </param>
          </params>
          <reporter-output>
          </reporter-output>
        </test-method> <!-- SetUp -->
        <test-method status="PASS" signature="InterRegionalAtLddTrailerReport(java.lang.reflect.Method)[pri:1, instance:Test.CheckInterRegionalReport@97e1986]" name="InterRegionalAtLddTrailerReport" duration-ms="55701" started-at="2016-09-27T21:03:47Z" finished-at="2016-09-27T21:04:42Z">
          <params>
            <param index="0">
              <value>
                <![CDATA[public void Test.CheckInterRegionalReport.InterRegionalAtLddTrailerReport(java.lang.reflect.Method) throws java.lang.ClassNotFoundException,java.sql.SQLException]]>
              </value>
            </param>
          </params>
          <reporter-output>
          </reporter-output>
        </test-method> <!-- InterRegionalAtLddTrailerReport -->
        <test-method status="PASS" signature="InterRegionalAtArrTrailerReport(java.lang.reflect.Method)[pri:2, instance:Test.CheckInterRegionalReport@97e1986]" name="InterRegionalAtArrTrailerReport" duration-ms="50502" started-at="2016-09-27T21:04:42Z" finished-at="2016-09-27T21:05:33Z">
          <params>
            <param index="0">
              <value>
                <![CDATA[public void Test.CheckInterRegionalReport.InterRegionalAtArrTrailerReport(java.lang.reflect.Method) throws java.lang.ClassNotFoundException,java.sql.SQLException]]>
              </value>
            </param>
          </params>
          <reporter-output>
          </reporter-output>
        </test-method> <!-- InterRegionalAtArrTrailerReport -->
        <test-method status="PASS" signature="InterRegionalAtLddArrTrailerReport(java.lang.reflect.Method)[pri:3, instance:Test.CheckInterRegionalReport@97e1986]" name="InterRegionalAtLddArrTrailerReport" duration-ms="93896" started-at="2016-09-27T21:05:33Z" finished-at="2016-09-27T21:07:07Z">
          <params>
            <param index="0">
              <value>
                <![CDATA[public void Test.CheckInterRegionalReport.InterRegionalAtLddArrTrailerReport(java.lang.reflect.Method) throws java.lang.ClassNotFoundException,java.sql.SQLException]]>
              </value>
            </param>
          </params>
          <reporter-output>
          </reporter-output>
        </test-method> <!-- InterRegionalAtLddArrTrailerReport -->
        <test-method status="PASS" signature="InterRegionalRoadEmptiesTrailerReport(java.lang.reflect.Method)[pri:4, instance:Test.CheckInterRegionalReport@97e1986]" name="InterRegionalRoadEmptiesTrailerReport" duration-ms="13304" started-at="2016-09-27T21:07:07Z" finished-at="2016-09-27T21:07:20Z">
          <params>
            <param index="0">
              <value>
                <![CDATA[public void Test.CheckInterRegionalReport.InterRegionalRoadEmptiesTrailerReport(java.lang.reflect.Method) throws java.lang.ClassNotFoundException,java.sql.SQLException]]>
              </value>
            </param>
          </params>
          <reporter-output>
          </reporter-output>
        </test-method> <!-- InterRegionalRoadEmptiesTrailerReport -->
      </class> <!-- Test.CheckInterRegionalReport -->
    </test> <!-- Test -->
  </suite> <!-- Suite (0) -->
</testng-results>
